<?xml version="1.0" encoding="UTF-8"?>
<testsuite xmlns:xsi="http://www.w3.org/2001/XMLSchema-instance" xsi:noNamespaceSchemaLocation="https://maven.apache.org/surefire/maven-surefire-plugin/xsd/surefire-test-report-3.0.xsd" version="3.0" name="org.ylab.homework.utiltest.UserAuditLoggerTest" time="2.928" tests="7" errors="0" skipped="0" failures="0">
  <properties>
[...]
</properties>
  <testcase name="logTrainingDeleted" classname="org.ylab.homework.utiltest.UserAuditLoggerTest" time="0.021">
    <system-out><![CDATA[14:36:56.244 [main] DEBUG org.testcontainers.utility.PrefixingImageNameSubstitutor - No prefix is configured
14:36:56.244 [main] DEBUG org.testcontainers.utility.ImageNameSubstitutor - Did not find a substitute image for postgres:latest (using image substitutor: DefaultImageNameSubstitutor (composite of 'ConfigurationFileImageNameSubstitutor' and 'PrefixingImageNameSubstitutor'))
14:36:56.244 [main] DEBUG org.testcontainers.images.AbstractImagePullPolicy - Using locally available and not pulling image: postgres:latest
14:36:56.244 [main] DEBUG 🐳 [postgres:latest] - Starting container: postgres:latest
14:36:56.245 [main] DEBUG 🐳 [postgres:latest] - Trying to start container: postgres:latest (attempt 1/1)
14:36:56.245 [main] DEBUG 🐳 [postgres:latest] - Starting container: postgres:latest
14:36:56.245 [main] INFO 🐳 [postgres:latest] - Creating container for image: postgres:latest
14:36:56.245 [main] DEBUG org.testcontainers.utility.RegistryAuthLocator - Looking up auth config for image: postgres:latest at registry: index.docker.io
14:36:56.245 [main] DEBUG org.testcontainers.utility.RegistryAuthLocator - No matching Auth Configs - falling back to defaultAuthConfig [null]
14:36:56.245 [main] DEBUG org.testcontainers.dockerclient.AuthDelegatingDockerClientConfig - Effective auth config [null]
14:36:56.245 [main] DEBUG org.testcontainers.shaded.com.github.dockerjava.core.command.AbstrDockerCmd - Cmd: org.testcontainers.shaded.com.github.dockerjava.core.command.CreateContainerCmdImpl@2f1d0bbc[name=<null>,hostName=<null>,domainName=<null>,user=<null>,attachStdin=<null>,attachStdout=<null>,attachStderr=<null>,portSpecs=<null>,tty=<null>,stdinOpen=<null>,stdInOnce=<null>,env={POSTGRES_USER=test_user,POSTGRES_PASSWORD=test_password,POSTGRES_DB=test_database},cmd={postgres,-c,fsync=off},healthcheck=<null>,argsEscaped=<null>,entrypoint=<null>,image=postgres:latest,volumes=Volumes(volumes=[]),workingDir=<null>,macAddress=<null>,onBuild=<null>,networkDisabled=<null>,exposedPorts=ExposedPorts(exposedPorts=[5432/tcp]),stopSignal=<null>,stopTimeout=<null>,hostConfig=HostConfig(binds=[], blkioWeight=null, blkioWeightDevice=null, blkioDeviceReadBps=null, blkioDeviceWriteBps=null, blkioDeviceReadIOps=null, blkioDeviceWriteIOps=null, memorySwappiness=null, nanoCPUs=null, capAdd=null, capDrop=null, containerIDFile=null, cpuPeriod=null, cpuRealtimePeriod=null, cpuRealtimeRuntime=null, cpuShares=null, cpuQuota=null, cpusetCpus=null, cpusetMems=null, devices=null, deviceCgroupRules=null, deviceRequests=null, diskQuota=null, dns=null, dnsOptions=null, dnsSearch=null, extraHosts=[], groupAdd=null, ipcMode=null, cgroup=null, links=[], logConfig=LogConfig(type=null, config=null), lxcConf=null, memory=null, memorySwap=null, memoryReservation=null, kernelMemory=null, networkMode=null, oomKillDisable=null, init=null, autoRemove=null, oomScoreAdj=null, portBindings={5432/tcp=[Lcom.github.dockerjava.api.model.Ports$Binding;@59dc36d4}, privileged=null, publishAllPorts=null, readonlyRootfs=null, restartPolicy=null, ulimits=null, cpuCount=null, cpuPercent=null, ioMaximumIOps=null, ioMaximumBandwidth=null, volumesFrom=[], mounts=null, pidMode=null, isolation=null, securityOpts=null, storageOpt=null, cgroupParent=null, volumeDriver=null, shmSize=null, pidsLimit=null, runtime=null, tmpFs=null, utSMode=null, usernsMode=null, sysctls=null, consoleSize=null),labels={org.testcontainers=true, org.testcontainers.sessionId=1ae74cd6-a8ac-4c43-9aa2-e005ceb54352},shell=<null>,networkingConfig=<null>,ipv4Address=<null>,ipv6Address=<null>,aliases=<null>,authConfig=<null>,platform=<null>]
14:36:56.247 [main] DEBUG com.github.dockerjava.zerodep.shaded.org.apache.hc.client5.http.impl.classic.InternalHttpClient - ex-00000027: preparing request execution
14:36:56.247 [main] DEBUG com.github.dockerjava.zerodep.shaded.org.apache.hc.client5.http.protocol.RequestAddCookies - Cookie spec selected: strict
14:36:56.247 [main] DEBUG com.github.dockerjava.zerodep.shaded.org.apache.hc.client5.http.protocol.RequestAuthCache - Auth cache not set in the context
14:36:56.247 [main] DEBUG com.github.dockerjava.zerodep.shaded.org.apache.hc.client5.http.impl.classic.ProtocolExec - ex-00000027: target auth state: UNCHALLENGED
14:36:56.247 [main] DEBUG com.github.dockerjava.zerodep.shaded.org.apache.hc.client5.http.impl.classic.ProtocolExec - ex-00000027: proxy auth state: UNCHALLENGED
14:36:56.247 [main] DEBUG com.github.dockerjava.zerodep.shaded.org.apache.hc.client5.http.impl.classic.ConnectExec - ex-00000027: acquiring connection with route {}->npipe://localhost:2375
14:36:56.247 [main] DEBUG com.github.dockerjava.zerodep.shaded.org.apache.hc.client5.http.impl.classic.InternalHttpClient - ex-00000027: acquiring endpoint (3 MINUTES)
14:36:56.247 [main] DEBUG com.github.dockerjava.zerodep.shaded.org.apache.hc.client5.http.impl.io.PoolingHttpClientConnectionManager - ex-00000027: endpoint lease request (3 MINUTES) [route: {}->npipe://localhost:2375][total available: 1; route allocated: 1 of 2147483647; total allocated: 1 of 2147483647]
14:36:56.248 [main] DEBUG com.github.dockerjava.zerodep.shaded.org.apache.hc.client5.http.impl.io.PoolingHttpClientConnectionManager - ex-00000027: endpoint leased [route: {}->npipe://localhost:2375][total available: 0; route allocated: 1 of 2147483647; total allocated: 1 of 2147483647]
14:36:56.248 [main] DEBUG com.github.dockerjava.zerodep.shaded.org.apache.hc.client5.http.impl.io.PoolingHttpClientConnectionManager - ex-00000027: acquired ep-00000026
14:36:56.248 [main] DEBUG com.github.dockerjava.zerodep.shaded.org.apache.hc.client5.http.impl.classic.InternalHttpClient - ex-00000027: acquired endpoint ep-00000026
14:36:56.248 [main] DEBUG com.github.dockerjava.zerodep.shaded.org.apache.hc.client5.http.impl.classic.MainClientExec - ex-00000027: executing POST /v1.32/containers/create HTTP/1.1
14:36:56.248 [main] DEBUG com.github.dockerjava.zerodep.shaded.org.apache.hc.client5.http.impl.classic.InternalHttpClient - ep-00000026: start execution ex-00000027
14:36:56.248 [main] DEBUG com.github.dockerjava.zerodep.shaded.org.apache.hc.client5.http.impl.io.PoolingHttpClientConnectionManager - ep-00000026: executing exchange ex-00000027 over http-outgoing-4
14:36:56.248 [main] DEBUG com.github.dockerjava.zerodep.shaded.org.apache.hc.client5.http.headers - http-outgoing-4 >> POST /v1.32/containers/create HTTP/1.1
14:36:56.248 [main] DEBUG com.github.dockerjava.zerodep.shaded.org.apache.hc.client5.http.headers - http-outgoing-4 >> accept: application/json
14:36:56.248 [main] DEBUG com.github.dockerjava.zerodep.shaded.org.apache.hc.client5.http.headers - http-outgoing-4 >> content-type: application/json
14:36:56.248 [main] DEBUG com.github.dockerjava.zerodep.shaded.org.apache.hc.client5.http.headers - http-outgoing-4 >> Accept-Encoding: gzip, x-gzip, deflate
14:36:56.248 [main] DEBUG com.github.dockerjava.zerodep.shaded.org.apache.hc.client5.http.headers - http-outgoing-4 >> Content-Length: 2037
14:36:56.248 [main] DEBUG com.github.dockerjava.zerodep.shaded.org.apache.hc.client5.http.headers - http-outgoing-4 >> Host: localhost:2375
14:36:56.248 [main] DEBUG com.github.dockerjava.zerodep.shaded.org.apache.hc.client5.http.headers - http-outgoing-4 >> Connection: keep-alive
14:36:56.248 [main] DEBUG com.github.dockerjava.zerodep.shaded.org.apache.hc.client5.http.headers - http-outgoing-4 >> User-Agent: Apache-HttpClient/5.0.3 (Java/21.0.1)
14:36:56.248 [main] DEBUG com.github.dockerjava.zerodep.shaded.org.apache.hc.client5.http.wire - http-outgoing-4 >> "POST /v1.32/containers/create HTTP/1.1[\r][\n]"
14:36:56.248 [main] DEBUG com.github.dockerjava.zerodep.shaded.org.apache.hc.client5.http.wire - http-outgoing-4 >> "accept: application/json[\r][\n]"
14:36:56.248 [main] DEBUG com.github.dockerjava.zerodep.shaded.org.apache.hc.client5.http.wire - http-outgoing-4 >> "content-type: application/json[\r][\n]"
14:36:56.248 [main] DEBUG com.github.dockerjava.zerodep.shaded.org.apache.hc.client5.http.wire - http-outgoing-4 >> "Accept-Encoding: gzip, x-gzip, deflate[\r][\n]"
14:36:56.248 [main] DEBUG com.github.dockerjava.zerodep.shaded.org.apache.hc.client5.http.wire - http-outgoing-4 >> "Content-Length: 2037[\r][\n]"
14:36:56.248 [main] DEBUG com.github.dockerjava.zerodep.shaded.org.apache.hc.client5.http.wire - http-outgoing-4 >> "Host: localhost:2375[\r][\n]"
14:36:56.248 [main] DEBUG com.github.dockerjava.zerodep.shaded.org.apache.hc.client5.http.wire - http-outgoing-4 >> "Connection: keep-alive[\r][\n]"
14:36:56.248 [main] DEBUG com.github.dockerjava.zerodep.shaded.org.apache.hc.client5.http.wire - http-outgoing-4 >> "User-Agent: Apache-HttpClient/5.0.3 (Java/21.0.1)[\r][\n]"
14:36:56.248 [main] DEBUG com.github.dockerjava.zerodep.shaded.org.apache.hc.client5.http.wire - http-outgoing-4 >> "[\r][\n]"
14:36:56.248 [main] DEBUG com.github.dockerjava.zerodep.shaded.org.apache.hc.client5.http.wire - http-outgoing-4 >> "{"name":null,"authConfig":null,"platform":null,"Hostname":null,"Domainname":null,"User":null,"AttachStdin":null,"AttachStdout":null,"AttachStderr":null,"PortSpecs":null,"Tty":null,"OpenStdin":null,"StdinOnce":null,"Env":["POSTGRES_USER=test_user","POSTGRES_PASSWORD=test_password","POSTGRES_DB=test_database"],"Cmd":["postgres","-c","fsync=off"],"Healthcheck":null,"ArgsEscaped":null,"Entrypoint":null,"Image":"postgres:latest","Volumes":{},"WorkingDir":null,"MacAddress":null,"OnBuild":null,"NetworkDisabled":null,"ExposedPorts":{"5432/tcp":{}},"StopSignal":null,"StopTimeout":null,"HostConfig":{"Binds":[],"BlkioWeight":null,"BlkioWeightDevice":null,"BlkioDeviceReadBps":null,"BlkioDeviceWriteBps":null,"BlkioDeviceReadIOps":null,"BlkioDeviceWriteIOps":null,"MemorySwappiness":null,"NanoCpus":null,"CapAdd":null,"CapDrop":null,"ContainerIDFile":null,"CpuPeriod":null,"CpuRealtimePeriod":null,"CpuRealtimeRuntime":null,"CpuShares":null,"CpuQuota":null,"CpusetCpus":null,"CpusetMems":null,"Devices":null,"DeviceCgroupRules":null,"DeviceRequests":null,"DiskQuota":null,"Dns":null,"DnsOptions":null,"DnsSearch":null,"ExtraHosts":[],"GroupAdd":null,"IpcMode":null,"Cgroup":null,"Links":[],"LogConfig":null,"LxcConf":null,"Memory":null,"MemorySwap":null,"MemoryReservation":null,"KernelMemory":null,"NetworkMode":null,"OomKillDisable":null,"Init":null,"AutoRemove":null,"OomScoreAdj":null,"PortBindings":{"5432/tcp":[{"HostIp":"","HostPort":""}]},"Privileged":null,"PublishAllPorts":null,"ReadonlyRootfs":null,"RestartPolicy":null,"Ulimits":null,"CpuCount":null,"CpuPercent":null,"IOMaximumIOps":null,"IOMaximumBandwidth":null,"VolumesFrom":[],"Mounts":null,"PidMode":null,"Isolation":null,"SecurityOpt":null,"StorageOpt":null,"CgroupParent":null,"VolumeDriver":null,"ShmSize":null,"PidsLimit":null,"Runtime":null,"Tmpfs":null,"UTSMode":null,"UsernsMode":null,"Sysctls":null,"ConsoleSize":null},"Labels":{"org.testcontainers":"true","org.testcontainers.sessionId":"1ae74cd6-a8ac-4c43-9aa2-e005ceb54352"},"Shell":null,"NetworkingConfig":null}"
14:36:56.317 [main] DEBUG com.github.dockerjava.zerodep.shaded.org.apache.hc.client5.http.wire - http-outgoing-4 << "HTTP/1.1 201 Created[\r][\n]"
14:36:56.317 [main] DEBUG com.github.dockerjava.zerodep.shaded.org.apache.hc.client5.http.wire - http-outgoing-4 << "Api-Version: 1.43[\r][\n]"
14:36:56.317 [main] DEBUG com.github.dockerjava.zerodep.shaded.org.apache.hc.client5.http.wire - http-outgoing-4 << "Content-Type: application/json[\r][\n]"
14:36:56.317 [main] DEBUG com.github.dockerjava.zerodep.shaded.org.apache.hc.client5.http.wire - http-outgoing-4 << "Date: Tue, 23 Apr 2024 12:36:56 GMT[\r][\n]"
14:36:56.317 [main] DEBUG com.github.dockerjava.zerodep.shaded.org.apache.hc.client5.http.wire - http-outgoing-4 << "Docker-Experimental: false[\r][\n]"
14:36:56.317 [main] DEBUG com.github.dockerjava.zerodep.shaded.org.apache.hc.client5.http.wire - http-outgoing-4 << "Ostype: linux[\r][\n]"
14:36:56.317 [main] DEBUG com.github.dockerjava.zerodep.shaded.org.apache.hc.client5.http.wire - http-outgoing-4 << "Server: Docker/24.0.6 (linux)[\r][\n]"
14:36:56.317 [main] DEBUG com.github.dockerjava.zerodep.shaded.org.apache.hc.client5.http.wire - http-outgoing-4 << "Transfer-Encoding: chunked[\r][\n]"
14:36:56.317 [main] DEBUG com.github.dockerjava.zerodep.shaded.org.apache.hc.client5.http.wire - http-outgoing-4 << "[\r][\n]"
14:36:56.318 [main] DEBUG com.github.dockerjava.zerodep.shaded.org.apache.hc.client5.http.headers - http-outgoing-4 << HTTP/1.1 201 Created
14:36:56.318 [main] DEBUG com.github.dockerjava.zerodep.shaded.org.apache.hc.client5.http.headers - http-outgoing-4 << Api-Version: 1.43
14:36:56.318 [main] DEBUG com.github.dockerjava.zerodep.shaded.org.apache.hc.client5.http.headers - http-outgoing-4 << Content-Type: application/json
14:36:56.318 [main] DEBUG com.github.dockerjava.zerodep.shaded.org.apache.hc.client5.http.headers - http-outgoing-4 << Date: Tue, 23 Apr 2024 12:36:56 GMT
14:36:56.318 [main] DEBUG com.github.dockerjava.zerodep.shaded.org.apache.hc.client5.http.headers - http-outgoing-4 << Docker-Experimental: false
14:36:56.318 [main] DEBUG com.github.dockerjava.zerodep.shaded.org.apache.hc.client5.http.headers - http-outgoing-4 << Ostype: linux
14:36:56.318 [main] DEBUG com.github.dockerjava.zerodep.shaded.org.apache.hc.client5.http.headers - http-outgoing-4 << Server: Docker/24.0.6 (linux)
14:36:56.318 [main] DEBUG com.github.dockerjava.zerodep.shaded.org.apache.hc.client5.http.headers - http-outgoing-4 << Transfer-Encoding: chunked
14:36:56.318 [main] DEBUG com.github.dockerjava.zerodep.shaded.org.apache.hc.client5.http.impl.classic.MainClientExec - ex-00000027: connection can be kept alive for 3 MINUTES
14:36:56.318 [main] DEBUG com.github.dockerjava.zerodep.shaded.org.apache.hc.client5.http.wire - http-outgoing-4 << "58[\r][\n]"
14:36:56.318 [main] DEBUG com.github.dockerjava.zerodep.shaded.org.apache.hc.client5.http.wire - http-outgoing-4 << "{"Id":"3d4872a30cd005b4fb579d2a576b2e3933dfcfa193df5dde439be8ce7fadc0b2","Warnings":[]}[\n]"
14:36:56.318 [main] DEBUG com.github.dockerjava.zerodep.shaded.org.apache.hc.client5.http.wire - http-outgoing-4 << "[\r][\n]"
14:36:56.318 [main] DEBUG com.github.dockerjava.zerodep.shaded.org.apache.hc.client5.http.wire - http-outgoing-4 << "0[\r][\n]"
14:36:56.318 [main] DEBUG com.github.dockerjava.zerodep.shaded.org.apache.hc.client5.http.wire - http-outgoing-4 << "[\r][\n]"
14:36:56.319 [main] DEBUG com.github.dockerjava.zerodep.shaded.org.apache.hc.client5.http.impl.classic.InternalHttpClient - ep-00000026: releasing valid endpoint
14:36:56.319 [main] DEBUG com.github.dockerjava.zerodep.shaded.org.apache.hc.client5.http.impl.io.PoolingHttpClientConnectionManager - ep-00000026: releasing endpoint
14:36:56.319 [main] DEBUG com.github.dockerjava.zerodep.shaded.org.apache.hc.client5.http.impl.io.PoolingHttpClientConnectionManager - ep-00000026: connection http-outgoing-4 can be kept alive for 3 MINUTES
14:36:56.319 [main] DEBUG com.github.dockerjava.zerodep.shaded.org.apache.hc.client5.http.impl.io.PoolingHttpClientConnectionManager - ep-00000026: connection released [route: {}->npipe://localhost:2375][total available: 1; route allocated: 1 of 2147483647; total allocated: 1 of 2147483647]
14:36:56.320 [main] INFO 🐳 [postgres:latest] - Starting container with ID: 3d4872a30cd005b4fb579d2a576b2e3933dfcfa193df5dde439be8ce7fadc0b2
14:36:56.320 [main] DEBUG org.testcontainers.shaded.com.github.dockerjava.core.command.AbstrDockerCmd - Cmd: 3d4872a30cd005b4fb579d2a576b2e3933dfcfa193df5dde439be8ce7fadc0b2
14:36:56.320 [main] DEBUG com.github.dockerjava.zerodep.shaded.org.apache.hc.client5.http.impl.classic.InternalHttpClient - ex-00000028: preparing request execution
14:36:56.320 [main] DEBUG com.github.dockerjava.zerodep.shaded.org.apache.hc.client5.http.protocol.RequestAddCookies - Cookie spec selected: strict
14:36:56.320 [main] DEBUG com.github.dockerjava.zerodep.shaded.org.apache.hc.client5.http.protocol.RequestAuthCache - Auth cache not set in the context
14:36:56.320 [main] DEBUG com.github.dockerjava.zerodep.shaded.org.apache.hc.client5.http.impl.classic.ProtocolExec - ex-00000028: target auth state: UNCHALLENGED
14:36:56.320 [main] DEBUG com.github.dockerjava.zerodep.shaded.org.apache.hc.client5.http.impl.classic.ProtocolExec - ex-00000028: proxy auth state: UNCHALLENGED
14:36:56.320 [main] DEBUG com.github.dockerjava.zerodep.shaded.org.apache.hc.client5.http.impl.classic.ConnectExec - ex-00000028: acquiring connection with route {}->npipe://localhost:2375
14:36:56.321 [main] DEBUG com.github.dockerjava.zerodep.shaded.org.apache.hc.client5.http.impl.classic.InternalHttpClient - ex-00000028: acquiring endpoint (3 MINUTES)
14:36:56.321 [main] DEBUG com.github.dockerjava.zerodep.shaded.org.apache.hc.client5.http.impl.io.PoolingHttpClientConnectionManager - ex-00000028: endpoint lease request (3 MINUTES) [route: {}->npipe://localhost:2375][total available: 1; route allocated: 1 of 2147483647; total allocated: 1 of 2147483647]
14:36:56.321 [main] DEBUG com.github.dockerjava.zerodep.shaded.org.apache.hc.client5.http.impl.io.PoolingHttpClientConnectionManager - ex-00000028: endpoint leased [route: {}->npipe://localhost:2375][total available: 0; route allocated: 1 of 2147483647; total allocated: 1 of 2147483647]
14:36:56.321 [main] DEBUG com.github.dockerjava.zerodep.shaded.org.apache.hc.client5.http.impl.io.PoolingHttpClientConnectionManager - ex-00000028: acquired ep-00000027
14:36:56.321 [main] DEBUG com.github.dockerjava.zerodep.shaded.org.apache.hc.client5.http.impl.classic.InternalHttpClient - ex-00000028: acquired endpoint ep-00000027
14:36:56.321 [main] DEBUG com.github.dockerjava.zerodep.shaded.org.apache.hc.client5.http.impl.classic.MainClientExec - ex-00000028: executing POST /v1.32/containers/3d4872a30cd005b4fb579d2a576b2e3933dfcfa193df5dde439be8ce7fadc0b2/start HTTP/1.1
14:36:56.321 [main] DEBUG com.github.dockerjava.zerodep.shaded.org.apache.hc.client5.http.impl.classic.InternalHttpClient - ep-00000027: start execution ex-00000028
14:36:56.321 [main] DEBUG com.github.dockerjava.zerodep.shaded.org.apache.hc.client5.http.impl.io.PoolingHttpClientConnectionManager - ep-00000027: executing exchange ex-00000028 over http-outgoing-4
14:36:56.321 [main] DEBUG com.github.dockerjava.zerodep.shaded.org.apache.hc.client5.http.headers - http-outgoing-4 >> POST /v1.32/containers/3d4872a30cd005b4fb579d2a576b2e3933dfcfa193df5dde439be8ce7fadc0b2/start HTTP/1.1
14:36:56.321 [main] DEBUG com.github.dockerjava.zerodep.shaded.org.apache.hc.client5.http.headers - http-outgoing-4 >> accept: application/json
14:36:56.321 [main] DEBUG com.github.dockerjava.zerodep.shaded.org.apache.hc.client5.http.headers - http-outgoing-4 >> content-type: application/json
14:36:56.321 [main] DEBUG com.github.dockerjava.zerodep.shaded.org.apache.hc.client5.http.headers - http-outgoing-4 >> Accept-Encoding: gzip, x-gzip, deflate
14:36:56.321 [main] DEBUG com.github.dockerjava.zerodep.shaded.org.apache.hc.client5.http.headers - http-outgoing-4 >> Host: localhost:2375
14:36:56.321 [main] DEBUG com.github.dockerjava.zerodep.shaded.org.apache.hc.client5.http.headers - http-outgoing-4 >> Connection: keep-alive
14:36:56.321 [main] DEBUG com.github.dockerjava.zerodep.shaded.org.apache.hc.client5.http.headers - http-outgoing-4 >> User-Agent: Apache-HttpClient/5.0.3 (Java/21.0.1)
14:36:56.321 [main] DEBUG com.github.dockerjava.zerodep.shaded.org.apache.hc.client5.http.wire - http-outgoing-4 >> "POST /v1.32/containers/3d4872a30cd005b4fb579d2a576b2e3933dfcfa193df5dde439be8ce7fadc0b2/start HTTP/1.1[\r][\n]"
14:36:56.321 [main] DEBUG com.github.dockerjava.zerodep.shaded.org.apache.hc.client5.http.wire - http-outgoing-4 >> "accept: application/json[\r][\n]"
14:36:56.321 [main] DEBUG com.github.dockerjava.zerodep.shaded.org.apache.hc.client5.http.wire - http-outgoing-4 >> "content-type: application/json[\r][\n]"
14:36:56.321 [main] DEBUG com.github.dockerjava.zerodep.shaded.org.apache.hc.client5.http.wire - http-outgoing-4 >> "Accept-Encoding: gzip, x-gzip, deflate[\r][\n]"
14:36:56.321 [main] DEBUG com.github.dockerjava.zerodep.shaded.org.apache.hc.client5.http.wire - http-outgoing-4 >> "Host: localhost:2375[\r][\n]"
14:36:56.321 [main] DEBUG com.github.dockerjava.zerodep.shaded.org.apache.hc.client5.http.wire - http-outgoing-4 >> "Connection: keep-alive[\r][\n]"
14:36:56.321 [main] DEBUG com.github.dockerjava.zerodep.shaded.org.apache.hc.client5.http.wire - http-outgoing-4 >> "User-Agent: Apache-HttpClient/5.0.3 (Java/21.0.1)[\r][\n]"
14:36:56.321 [main] DEBUG com.github.dockerjava.zerodep.shaded.org.apache.hc.client5.http.wire - http-outgoing-4 >> "[\r][\n]"
14:36:56.779 [main] DEBUG com.github.dockerjava.zerodep.shaded.org.apache.hc.client5.http.wire - http-outgoing-4 << "HTTP/1.1 204 No Content[\r][\n]"
14:36:56.779 [main] DEBUG com.github.dockerjava.zerodep.shaded.org.apache.hc.client5.http.wire - http-outgoing-4 << "Api-Version: 1.43[\r][\n]"
14:36:56.779 [main] DEBUG com.github.dockerjava.zerodep.shaded.org.apache.hc.client5.http.wire - http-outgoing-4 << "Date: Tue, 23 Apr 2024 12:36:56 GMT[\r][\n]"
14:36:56.779 [main] DEBUG com.github.dockerjava.zerodep.shaded.org.apache.hc.client5.http.wire - http-outgoing-4 << "Docker-Experimental: false[\r][\n]"
14:36:56.779 [main] DEBUG com.github.dockerjava.zerodep.shaded.org.apache.hc.client5.http.wire - http-outgoing-4 << "Ostype: linux[\r][\n]"
14:36:56.779 [main] DEBUG com.github.dockerjava.zerodep.shaded.org.apache.hc.client5.http.wire - http-outgoing-4 << "Server: Docker/24.0.6 (linux)[\r][\n]"
14:36:56.779 [main] DEBUG com.github.dockerjava.zerodep.shaded.org.apache.hc.client5.http.wire - http-outgoing-4 << "[\r][\n]"
14:36:56.779 [main] DEBUG com.github.dockerjava.zerodep.shaded.org.apache.hc.client5.http.headers - http-outgoing-4 << HTTP/1.1 204 No Content
14:36:56.779 [main] DEBUG com.github.dockerjava.zerodep.shaded.org.apache.hc.client5.http.headers - http-outgoing-4 << Api-Version: 1.43
14:36:56.779 [main] DEBUG com.github.dockerjava.zerodep.shaded.org.apache.hc.client5.http.headers - http-outgoing-4 << Date: Tue, 23 Apr 2024 12:36:56 GMT
14:36:56.779 [main] DEBUG com.github.dockerjava.zerodep.shaded.org.apache.hc.client5.http.headers - http-outgoing-4 << Docker-Experimental: false
14:36:56.780 [main] DEBUG com.github.dockerjava.zerodep.shaded.org.apache.hc.client5.http.headers - http-outgoing-4 << Ostype: linux
14:36:56.780 [main] DEBUG com.github.dockerjava.zerodep.shaded.org.apache.hc.client5.http.headers - http-outgoing-4 << Server: Docker/24.0.6 (linux)
14:36:56.781 [main] DEBUG com.github.dockerjava.zerodep.shaded.org.apache.hc.client5.http.impl.classic.MainClientExec - ex-00000028: connection can be kept alive for 3 MINUTES
14:36:56.781 [main] DEBUG com.github.dockerjava.zerodep.shaded.org.apache.hc.client5.http.impl.classic.InternalHttpClient - ep-00000027: releasing valid endpoint
14:36:56.781 [main] DEBUG com.github.dockerjava.zerodep.shaded.org.apache.hc.client5.http.impl.io.PoolingHttpClientConnectionManager - ep-00000027: releasing endpoint
14:36:56.781 [main] DEBUG com.github.dockerjava.zerodep.shaded.org.apache.hc.client5.http.impl.io.PoolingHttpClientConnectionManager - ep-00000027: connection http-outgoing-4 can be kept alive for 3 MINUTES
14:36:56.781 [main] DEBUG com.github.dockerjava.zerodep.shaded.org.apache.hc.client5.http.impl.io.PoolingHttpClientConnectionManager - ep-00000027: connection released [route: {}->npipe://localhost:2375][total available: 1; route allocated: 1 of 2147483647; total allocated: 1 of 2147483647]
14:36:56.781 [main] INFO 🐳 [postgres:latest] - Container postgres:latest is starting: 3d4872a30cd005b4fb579d2a576b2e3933dfcfa193df5dde439be8ce7fadc0b2
14:36:56.782 [main] DEBUG org.testcontainers.shaded.com.github.dockerjava.core.command.AbstrDockerCmd - Cmd: 3d4872a30cd005b4fb579d2a576b2e3933dfcfa193df5dde439be8ce7fadc0b2,false
14:36:56.783 [main] DEBUG org.testcontainers.shaded.com.github.dockerjava.core.exec.InspectContainerCmdExec - GET: DefaultWebTarget{path=[/containers/3d4872a30cd005b4fb579d2a576b2e3933dfcfa193df5dde439be8ce7fadc0b2/json], queryParams={}}
14:36:56.783 [main] DEBUG com.github.dockerjava.zerodep.shaded.org.apache.hc.client5.http.impl.classic.InternalHttpClient - ex-00000029: preparing request execution
14:36:56.783 [main] DEBUG com.github.dockerjava.zerodep.shaded.org.apache.hc.client5.http.protocol.RequestAddCookies - Cookie spec selected: strict
14:36:56.783 [main] DEBUG com.github.dockerjava.zerodep.shaded.org.apache.hc.client5.http.protocol.RequestAuthCache - Auth cache not set in the context
14:36:56.783 [main] DEBUG com.github.dockerjava.zerodep.shaded.org.apache.hc.client5.http.impl.classic.ProtocolExec - ex-00000029: target auth state: UNCHALLENGED
14:36:56.783 [main] DEBUG com.github.dockerjava.zerodep.shaded.org.apache.hc.client5.http.impl.classic.ProtocolExec - ex-00000029: proxy auth state: UNCHALLENGED
14:36:56.783 [main] DEBUG com.github.dockerjava.zerodep.shaded.org.apache.hc.client5.http.impl.classic.ConnectExec - ex-00000029: acquiring connection with route {}->npipe://localhost:2375
14:36:56.783 [main] DEBUG com.github.dockerjava.zerodep.shaded.org.apache.hc.client5.http.impl.classic.InternalHttpClient - ex-00000029: acquiring endpoint (3 MINUTES)
14:36:56.783 [main] DEBUG com.github.dockerjava.zerodep.shaded.org.apache.hc.client5.http.impl.io.PoolingHttpClientConnectionManager - ex-00000029: endpoint lease request (3 MINUTES) [route: {}->npipe://localhost:2375][total available: 1; route allocated: 1 of 2147483647; total allocated: 1 of 2147483647]
14:36:56.783 [main] DEBUG com.github.dockerjava.zerodep.shaded.org.apache.hc.client5.http.impl.io.PoolingHttpClientConnectionManager - ex-00000029: endpoint leased [route: {}->npipe://localhost:2375][total available: 0; route allocated: 1 of 2147483647; total allocated: 1 of 2147483647]
14:36:56.784 [main] DEBUG com.github.dockerjava.zerodep.shaded.org.apache.hc.client5.http.impl.io.PoolingHttpClientConnectionManager - ex-00000029: acquired ep-00000028
14:36:56.784 [main] DEBUG com.github.dockerjava.zerodep.shaded.org.apache.hc.client5.http.impl.classic.InternalHttpClient - ex-00000029: acquired endpoint ep-00000028
14:36:56.784 [main] DEBUG com.github.dockerjava.zerodep.shaded.org.apache.hc.client5.http.impl.classic.MainClientExec - ex-00000029: executing GET /v1.32/containers/3d4872a30cd005b4fb579d2a576b2e3933dfcfa193df5dde439be8ce7fadc0b2/json HTTP/1.1
14:36:56.784 [main] DEBUG com.github.dockerjava.zerodep.shaded.org.apache.hc.client5.http.impl.classic.InternalHttpClient - ep-00000028: start execution ex-00000029
14:36:56.784 [main] DEBUG com.github.dockerjava.zerodep.shaded.org.apache.hc.client5.http.impl.io.PoolingHttpClientConnectionManager - ep-00000028: executing exchange ex-00000029 over http-outgoing-4
14:36:56.784 [main] DEBUG com.github.dockerjava.zerodep.shaded.org.apache.hc.client5.http.headers - http-outgoing-4 >> GET /v1.32/containers/3d4872a30cd005b4fb579d2a576b2e3933dfcfa193df5dde439be8ce7fadc0b2/json HTTP/1.1
14:36:56.784 [main] DEBUG com.github.dockerjava.zerodep.shaded.org.apache.hc.client5.http.headers - http-outgoing-4 >> accept: application/json
14:36:56.784 [main] DEBUG com.github.dockerjava.zerodep.shaded.org.apache.hc.client5.http.headers - http-outgoing-4 >> Accept-Encoding: gzip, x-gzip, deflate
14:36:56.784 [main] DEBUG com.github.dockerjava.zerodep.shaded.org.apache.hc.client5.http.headers - http-outgoing-4 >> Host: localhost:2375
14:36:56.784 [main] DEBUG com.github.dockerjava.zerodep.shaded.org.apache.hc.client5.http.headers - http-outgoing-4 >> Connection: keep-alive
14:36:56.784 [main] DEBUG com.github.dockerjava.zerodep.shaded.org.apache.hc.client5.http.headers - http-outgoing-4 >> User-Agent: Apache-HttpClient/5.0.3 (Java/21.0.1)
14:36:56.784 [main] DEBUG com.github.dockerjava.zerodep.shaded.org.apache.hc.client5.http.wire - http-outgoing-4 >> "GET /v1.32/containers/3d4872a30cd005b4fb579d2a576b2e3933dfcfa193df5dde439be8ce7fadc0b2/json HTTP/1.1[\r][\n]"
14:36:56.784 [main] DEBUG com.github.dockerjava.zerodep.shaded.org.apache.hc.client5.http.wire - http-outgoing-4 >> "accept: application/json[\r][\n]"
14:36:56.784 [main] DEBUG com.github.dockerjava.zerodep.shaded.org.apache.hc.client5.http.wire - http-outgoing-4 >> "Accept-Encoding: gzip, x-gzip, deflate[\r][\n]"
14:36:56.784 [main] DEBUG com.github.dockerjava.zerodep.shaded.org.apache.hc.client5.http.wire - http-outgoing-4 >> "Host: localhost:2375[\r][\n]"
14:36:56.784 [main] DEBUG com.github.dockerjava.zerodep.shaded.org.apache.hc.client5.http.wire - http-outgoing-4 >> "Connection: keep-alive[\r][\n]"
14:36:56.784 [main] DEBUG com.github.dockerjava.zerodep.shaded.org.apache.hc.client5.http.wire - http-outgoing-4 >> "User-Agent: Apache-HttpClient/5.0.3 (Java/21.0.1)[\r][\n]"
14:36:56.784 [main] DEBUG com.github.dockerjava.zerodep.shaded.org.apache.hc.client5.http.wire - http-outgoing-4 >> "[\r][\n]"
14:36:56.789 [main] DEBUG com.github.dockerjava.zerodep.shaded.org.apache.hc.client5.http.wire - http-outgoing-4 << "HTTP/1.1 200 OK[\r][\n]"
14:36:56.789 [main] DEBUG com.github.dockerjava.zerodep.shaded.org.apache.hc.client5.http.wire - http-outgoing-4 << "Api-Version: 1.43[\r][\n]"
14:36:56.789 [main] DEBUG com.github.dockerjava.zerodep.shaded.org.apache.hc.client5.http.wire - http-outgoing-4 << "Content-Type: application/json[\r][\n]"
14:36:56.789 [main] DEBUG com.github.dockerjava.zerodep.shaded.org.apache.hc.client5.http.wire - http-outgoing-4 << "Date: Tue, 23 Apr 2024 12:36:56 GMT[\r][\n]"
14:36:56.789 [main] DEBUG com.github.dockerjava.zerodep.shaded.org.apache.hc.client5.http.wire - http-outgoing-4 << "Docker-Experimental: false[\r][\n]"
14:36:56.789 [main] DEBUG com.github.dockerjava.zerodep.shaded.org.apache.hc.client5.http.wire - http-outgoing-4 << "Ostype: linux[\r][\n]"
14:36:56.789 [main] DEBUG com.github.dockerjava.zerodep.shaded.org.apache.hc.client5.http.wire - http-outgoing-4 << "Server: Docker/24.0.6 (linux)[\r][\n]"
14:36:56.789 [main] DEBUG com.github.dockerjava.zerodep.shaded.org.apache.hc.client5.http.wire - http-outgoing-4 << "Transfer-Encoding: chunked[\r][\n]"
14:36:56.789 [main] DEBUG com.github.dockerjava.zerodep.shaded.org.apache.hc.client5.http.wire - http-outgoing-4 << "[\r][\n]"
14:36:56.790 [main] DEBUG com.github.dockerjava.zerodep.shaded.org.apache.hc.client5.http.headers - http-outgoing-4 << HTTP/1.1 200 OK
14:36:56.790 [main] DEBUG com.github.dockerjava.zerodep.shaded.org.apache.hc.client5.http.headers - http-outgoing-4 << Api-Version: 1.43
14:36:56.790 [main] DEBUG com.github.dockerjava.zerodep.shaded.org.apache.hc.client5.http.headers - http-outgoing-4 << Content-Type: application/json
14:36:56.790 [main] DEBUG com.github.dockerjava.zerodep.shaded.org.apache.hc.client5.http.headers - http-outgoing-4 << Date: Tue, 23 Apr 2024 12:36:56 GMT
14:36:56.790 [main] DEBUG com.github.dockerjava.zerodep.shaded.org.apache.hc.client5.http.headers - http-outgoing-4 << Docker-Experimental: false
14:36:56.790 [main] DEBUG com.github.dockerjava.zerodep.shaded.org.apache.hc.client5.http.headers - http-outgoing-4 << Ostype: linux
14:36:56.790 [main] DEBUG com.github.dockerjava.zerodep.shaded.org.apache.hc.client5.http.headers - http-outgoing-4 << Server: Docker/24.0.6 (linux)
14:36:56.790 [main] DEBUG com.github.dockerjava.zerodep.shaded.org.apache.hc.client5.http.headers - http-outgoing-4 << Transfer-Encoding: chunked
14:36:56.790 [main] DEBUG com.github.dockerjava.zerodep.shaded.org.apache.hc.client5.http.impl.classic.MainClientExec - ex-00000029: connection can be kept alive for 3 MINUTES
14:36:56.791 [main] DEBUG com.github.dockerjava.zerodep.shaded.org.apache.hc.client5.http.wire - http-outgoing-4 << "19a8[\r][\n]"
14:36:56.791 [main] DEBUG com.github.dockerjava.zerodep.shaded.org.apache.hc.client5.http.wire - http-outgoing-4 << "{"Id":"3d4872a30cd005b4fb579d2a576b2e3933dfcfa193df5dde439be8ce7fadc0b2","Created":"2024-04-23T12:36:56.261399093Z","Path":"docker-entrypoint.sh","Args":["postgres","-c","fsync=off"],"State":{"Status":"running","Running":true,"Paused":false,"Restarting":false,"OOMKilled":false,"Dead":false,"Pid":4091,"ExitCode":0,"Error":"","StartedAt":"2024-04-23T12:36:56.767946074Z","FinishedAt":"0001-01-01T00:00:00Z"},"Image":"sha256:d60dc4bd84c0a07f26f1eb9feefcc94d1dbb3a2d478a0b705aa5e7311353108b","ResolvConfPath":"/var/lib/docker/containers/3d4872a30cd005b4fb579d2a576b2e3933dfcfa193df5dde439be8ce7fadc0b2/resolv.conf","HostnamePath":"/var/lib/docker/containers/3d4872a30cd005b4fb579d2a576b2e3933dfcfa193df5dde439be8ce7fadc0b2/hostname","HostsPath":"/var/lib/docker/containers/3d4872a30cd005b4fb579d2a576b2e3933dfcfa193df5dde439be8ce7fadc0b2/hosts","LogPath":"/var/lib/docker/containers/3d4872a30cd005b4fb579d2a576b2e3933dfcfa193df5dde439be8ce7fadc0b2/3d4872a30cd005b4fb579d2a576b2e3933dfcfa193df5dde439be8ce7fadc0b2-json.log","Name":"/bold_curran","RestartCount":0,"Driver":"overlay2","Platform":"linux","MountLabel":"","ProcessLabel":"","AppArmorProfile":"","ExecIDs":null,"HostConfig":{"Binds":[],"ContainerIDFile":"","LogConfig":{"Type":"json-file","Config":{}},"NetworkMode":"default","PortBindings":{"5432/tcp":[{"HostIp":"0.0.0.0","HostPort":"0"}]},"RestartPolicy":{"Name":"","MaximumRetryCount":0},"AutoRemove":false,"VolumeDriver":"","VolumesFrom":[],"ConsoleSize":[0,0],"CapAdd":null,"CapDrop":null,"CgroupnsMode":"host","Dns":null,"DnsOptions":null,"DnsSearch":null,"ExtraHosts":[],"GroupAdd":null,"IpcMode":"shareable","Cgroup":"","Links":null,"OomScoreAdj":0,"PidMode":"","Privileged":false,"PublishAllPorts":false,"ReadonlyRootfs":false,"SecurityOpt":null,"UTSMode":"","UsernsMode":"","ShmSize":67108864,"Runtime":"runc","Isolation":"","CpuShares":0,"Memory":0,"NanoCpus":0,"CgroupParent":"","BlkioWeight":0,"BlkioWeightDevice":null,"BlkioDeviceReadBps":null,"BlkioDeviceWriteBps":null,"BlkioDeviceReadIOps":null,"BlkioDeviceWriteIOps":null,"CpuPeriod":0,"CpuQuota":0,"CpuRealtimePeriod":0,"CpuRealtimeRuntime":0,"CpusetCpus":"","CpusetMems":"","Devices":null,"DeviceCgroupRules":null,"DeviceRequests":null,"MemoryReservation":0,"MemorySwap":0,"MemorySwappiness":null,"OomKillDisable":false,"PidsLimit":null,"Ulimits":null,"CpuCount":0,"CpuPercent":0,"IOMaximumIOps":0,"IOMaximumBandwidth":0,"MaskedPaths":["/proc/asound","/proc/acpi","/proc/kcore","/proc/keys","/proc/latency_stats","/proc/timer_list","/proc/timer_stats","/proc/sched_debug","/proc/scsi","/sys/firmware"],"ReadonlyPaths":["/proc/bus","/proc/fs","/proc/irq","/proc/sys","/proc/sysrq-trigger"]},"GraphDriver":{"Data":{"LowerDir":"/var/lib/docker/overlay2/2ff06e72fffa8e67b8e733ee6c536263ea80f4c4e5e82b4d8efd4cf39fcd2233-init/diff:/var/lib/docker/overlay2/93107d79db34613a52457e79d5e018593ec222f5a552a79b1649195285638a0a/diff:/var/lib/docker/overlay2/d3fe525fc7941eb57234792f96caab4526559c820693b9ec9544161c1598e1b3/diff:/var/lib/docker/overlay2/60613a8d38d051fc17e35f6d9d2fb459e012b8a8421bf0c0b069e04f6f6aec41/diff:/var/lib/docker/overlay2/3f764471cbfae74f200227eeee0829f410a5a9d0da3e4c68f94e4dfe349e5ab1/diff:/var/lib/docker/overlay2/7057ffaa248998f883cb0bbae167239bed3f7172c706c03b78c6595984d42cd0/diff:/var/lib/docker/overlay2/e72db49d277245d0b31319b20fbde31d5a435bc5d5a7ec3e60775d7687b95201/diff:/var/lib/docker/overlay2/d38b42fe049e60dbde54ffcb9a566591fef7b42c16da0a892f285692f15b9f73/diff:/var/lib/docker/overlay2/9bc407bdd75839fd5bfe2820e37c7a1b7d8a1b9e160a8e33b94d51b1fa104acf/diff:/var/lib/docker/overlay2/3e26375b129d99b902d2d0f6a1b5cb69ea17b6d280515504658dcc5136fc69c2/diff:/var/lib/docker/overlay2/5a9a2d0681949bc95e271c2044ae389d799f352bcfef15f6d3587e557dbface9/diff:/var/lib/docker/overlay2/55b270af3a564d45f1bf79137e3f05c98c26c7c0f499b9c9a62c7d84fae4bcfa/diff:/var/lib/docker/overlay2/52bb8e2e8f809f596f63130d85de87a71483aaded33c4ee824f0b73272b6edee/diff:/var/lib/docker/overlay2/b98be56f6fe67aa122af67473ab6cdf532ba04f24826752b2cb6eefbdaa3f33f/diff:/var/lib/docker/overlay2/ddfb7273b4818fa9abcbabcef0"
14:36:56.791 [main] DEBUG com.github.dockerjava.zerodep.shaded.org.apache.hc.client5.http.wire - http-outgoing-4 << "597ccd32c5eefa67f1f46b20b138f94ab28800/diff","MergedDir":"/var/lib/docker/overlay2/2ff06e72fffa8e67b8e733ee6c536263ea80f4c4e5e82b4d8efd4cf39fcd2233/merged","UpperDir":"/var/lib/docker/overlay2/2ff06e72fffa8e67b8e733ee6c536263ea80f4c4e5e82b4d8efd4cf39fcd2233/diff","WorkDir":"/var/lib/docker/overlay2/2ff06e72fffa8e67b8e733ee6c536263ea80f4c4e5e82b4d8efd4cf39fcd2233/work"},"Name":"overlay2"},"Mounts":[{"Type":"volume","Name":"f5ddfe442f260e83213f1b8de2649584782dcf6ff7b668bd5bbc791563ee898e","Source":"/var/lib/docker/volumes/f5ddfe442f260e83213f1b8de2649584782dcf6ff7b668bd5bbc791563ee898e/_data","Destination":"/var/lib/postgresql/data","Driver":"local","Mode":"","RW":true,"Propagation":""}],"Config":{"Hostname":"3d4872a30cd0","Domainname":"","User":"","AttachStdin":false,"AttachStdout":false,"AttachStderr":false,"ExposedPorts":{"5432/tcp":{}},"Tty":false,"OpenStdin":false,"StdinOnce":false,"Env":["POSTGRES_USER=test_user","POSTGRES_PASSWORD=test_password","POSTGRES_DB=test_database","PATH=/usr/local/sbin:/usr/local/bin:/usr/sbin:/usr/bin:/sbin:/bin:/usr/lib/postgresql/16/bin","GOSU_VERSION=1.17","LANG=en_US.utf8","PG_MAJOR=16","PG_VERSION=16.2-1.pgdg120+2","PGDATA=/var/lib/postgresql/data"],"Cmd":["postgres","-c","fsync=off"],"Image":"postgres:latest","Volumes":{"/var/lib/postgresql/data":{}},"WorkingDir":"","Entrypoint":["docker-entrypoint.sh"],"OnBuild":null,"Labels":{"org.testcontainers":"true","org.testcontainers.sessionId":"1ae74cd6-a8ac-4c43-9aa2-e005ceb54352"},"StopSignal":"SIGINT"},"NetworkSettings":{"Bridge":"","SandboxID":"600d8d291e12edfb06e7414d7a3a3c949df6c600a7ce107e914e7ab03e3b1509","HairpinMode":false,"LinkLocalIPv6Address":"","LinkLocalIPv6PrefixLen":0,"Ports":{"5432/tcp":[]},"SandboxKey":"/var/run/docker/netns/600d8d291e12","SecondaryIPAddresses":null,"SecondaryIPv6Addresses":null,"EndpointID":"b44b43ed19946a82235c152c192c452a0aa98be8b0a1bf7f0bfee6469d198adf","Gateway":"172.17.0.1","GlobalIPv6Address":"","GlobalIPv6PrefixLen":0,"IPAddress":"172.17.0.3","IPPrefixLen":16,"IPv6Gateway":"","MacAddress":"02:42:ac:11:00:03","Networks":{"bridge":{"IPAMConfig":null,"Links":null,"Aliases":null,"NetworkID":"443b467e5fdc845ed5dc4d32e94523e404f807cca91547cc0fc189d24833fa80","EndpointID":"b44b43ed19946a82235c152c192c452a0aa98be8b0a1bf7f0bfee6469d198adf","Gateway":"172.17.0.1","IPAddress":"172.17.0.3","IPPrefixLen":16,"IPv6Gateway":"","GlobalIPv6Address":"","GlobalIPv6PrefixLen":0,"MacAddress":"02:42:ac:11:00:03","DriverOpts":null}}}}[\n]"
14:36:56.793 [main] DEBUG com.github.dockerjava.zerodep.shaded.org.apache.hc.client5.http.wire - http-outgoing-4 << "[\r][\n]"
14:36:56.794 [main] DEBUG com.github.dockerjava.zerodep.shaded.org.apache.hc.client5.http.wire - http-outgoing-4 << "0[\r][\n]"
14:36:56.794 [main] DEBUG com.github.dockerjava.zerodep.shaded.org.apache.hc.client5.http.wire - http-outgoing-4 << "[\r][\n]"
14:36:56.794 [main] DEBUG com.github.dockerjava.zerodep.shaded.org.apache.hc.client5.http.impl.classic.InternalHttpClient - ep-00000028: releasing valid endpoint
14:36:56.794 [main] DEBUG com.github.dockerjava.zerodep.shaded.org.apache.hc.client5.http.impl.io.PoolingHttpClientConnectionManager - ep-00000028: releasing endpoint
14:36:56.794 [main] DEBUG com.github.dockerjava.zerodep.shaded.org.apache.hc.client5.http.impl.io.PoolingHttpClientConnectionManager - ep-00000028: connection http-outgoing-4 can be kept alive for 3 MINUTES
14:36:56.794 [main] DEBUG com.github.dockerjava.zerodep.shaded.org.apache.hc.client5.http.impl.io.PoolingHttpClientConnectionManager - ep-00000028: connection released [route: {}->npipe://localhost:2375][total available: 1; route allocated: 1 of 2147483647; total allocated: 1 of 2147483647]
14:36:56.834 [main] DEBUG org.testcontainers.shaded.com.github.dockerjava.core.command.AbstrDockerCmd - Cmd: 3d4872a30cd005b4fb579d2a576b2e3933dfcfa193df5dde439be8ce7fadc0b2,false
14:36:56.834 [main] DEBUG org.testcontainers.shaded.com.github.dockerjava.core.exec.InspectContainerCmdExec - GET: DefaultWebTarget{path=[/containers/3d4872a30cd005b4fb579d2a576b2e3933dfcfa193df5dde439be8ce7fadc0b2/json], queryParams={}}
14:36:56.834 [main] DEBUG com.github.dockerjava.zerodep.shaded.org.apache.hc.client5.http.impl.classic.InternalHttpClient - ex-0000002A: preparing request execution
14:36:56.834 [main] DEBUG com.github.dockerjava.zerodep.shaded.org.apache.hc.client5.http.protocol.RequestAddCookies - Cookie spec selected: strict
14:36:56.834 [main] DEBUG com.github.dockerjava.zerodep.shaded.org.apache.hc.client5.http.protocol.RequestAuthCache - Auth cache not set in the context
14:36:56.834 [main] DEBUG com.github.dockerjava.zerodep.shaded.org.apache.hc.client5.http.impl.classic.ProtocolExec - ex-0000002A: target auth state: UNCHALLENGED
14:36:56.834 [main] DEBUG com.github.dockerjava.zerodep.shaded.org.apache.hc.client5.http.impl.classic.ProtocolExec - ex-0000002A: proxy auth state: UNCHALLENGED
14:36:56.834 [main] DEBUG com.github.dockerjava.zerodep.shaded.org.apache.hc.client5.http.impl.classic.ConnectExec - ex-0000002A: acquiring connection with route {}->npipe://localhost:2375
14:36:56.834 [main] DEBUG com.github.dockerjava.zerodep.shaded.org.apache.hc.client5.http.impl.classic.InternalHttpClient - ex-0000002A: acquiring endpoint (3 MINUTES)
14:36:56.834 [main] DEBUG com.github.dockerjava.zerodep.shaded.org.apache.hc.client5.http.impl.io.PoolingHttpClientConnectionManager - ex-0000002A: endpoint lease request (3 MINUTES) [route: {}->npipe://localhost:2375][total available: 1; route allocated: 1 of 2147483647; total allocated: 1 of 2147483647]
14:36:56.835 [main] DEBUG com.github.dockerjava.zerodep.shaded.org.apache.hc.client5.http.impl.io.PoolingHttpClientConnectionManager - ex-0000002A: endpoint leased [route: {}->npipe://localhost:2375][total available: 0; route allocated: 1 of 2147483647; total allocated: 1 of 2147483647]
14:36:56.835 [main] DEBUG com.github.dockerjava.zerodep.shaded.org.apache.hc.client5.http.impl.io.PoolingHttpClientConnectionManager - ex-0000002A: acquired ep-00000029
14:36:56.835 [main] DEBUG com.github.dockerjava.zerodep.shaded.org.apache.hc.client5.http.impl.classic.InternalHttpClient - ex-0000002A: acquired endpoint ep-00000029
14:36:56.835 [main] DEBUG com.github.dockerjava.zerodep.shaded.org.apache.hc.client5.http.impl.classic.MainClientExec - ex-0000002A: executing GET /v1.32/containers/3d4872a30cd005b4fb579d2a576b2e3933dfcfa193df5dde439be8ce7fadc0b2/json HTTP/1.1
14:36:56.835 [main] DEBUG com.github.dockerjava.zerodep.shaded.org.apache.hc.client5.http.impl.classic.InternalHttpClient - ep-00000029: start execution ex-0000002A
14:36:56.835 [main] DEBUG com.github.dockerjava.zerodep.shaded.org.apache.hc.client5.http.impl.io.PoolingHttpClientConnectionManager - ep-00000029: executing exchange ex-0000002A over http-outgoing-4
14:36:56.835 [main] DEBUG com.github.dockerjava.zerodep.shaded.org.apache.hc.client5.http.headers - http-outgoing-4 >> GET /v1.32/containers/3d4872a30cd005b4fb579d2a576b2e3933dfcfa193df5dde439be8ce7fadc0b2/json HTTP/1.1
14:36:56.835 [main] DEBUG com.github.dockerjava.zerodep.shaded.org.apache.hc.client5.http.headers - http-outgoing-4 >> accept: application/json
14:36:56.835 [main] DEBUG com.github.dockerjava.zerodep.shaded.org.apache.hc.client5.http.headers - http-outgoing-4 >> Accept-Encoding: gzip, x-gzip, deflate
14:36:56.835 [main] DEBUG com.github.dockerjava.zerodep.shaded.org.apache.hc.client5.http.headers - http-outgoing-4 >> Host: localhost:2375
14:36:56.835 [main] DEBUG com.github.dockerjava.zerodep.shaded.org.apache.hc.client5.http.headers - http-outgoing-4 >> Connection: keep-alive
14:36:56.835 [main] DEBUG com.github.dockerjava.zerodep.shaded.org.apache.hc.client5.http.headers - http-outgoing-4 >> User-Agent: Apache-HttpClient/5.0.3 (Java/21.0.1)
14:36:56.835 [main] DEBUG com.github.dockerjava.zerodep.shaded.org.apache.hc.client5.http.wire - http-outgoing-4 >> "GET /v1.32/containers/3d4872a30cd005b4fb579d2a576b2e3933dfcfa193df5dde439be8ce7fadc0b2/json HTTP/1.1[\r][\n]"
14:36:56.835 [main] DEBUG com.github.dockerjava.zerodep.shaded.org.apache.hc.client5.http.wire - http-outgoing-4 >> "accept: application/json[\r][\n]"
14:36:56.835 [main] DEBUG com.github.dockerjava.zerodep.shaded.org.apache.hc.client5.http.wire - http-outgoing-4 >> "Accept-Encoding: gzip, x-gzip, deflate[\r][\n]"
14:36:56.835 [main] DEBUG com.github.dockerjava.zerodep.shaded.org.apache.hc.client5.http.wire - http-outgoing-4 >> "Host: localhost:2375[\r][\n]"
14:36:56.835 [main] DEBUG com.github.dockerjava.zerodep.shaded.org.apache.hc.client5.http.wire - http-outgoing-4 >> "Connection: keep-alive[\r][\n]"
14:36:56.835 [main] DEBUG com.github.dockerjava.zerodep.shaded.org.apache.hc.client5.http.wire - http-outgoing-4 >> "User-Agent: Apache-HttpClient/5.0.3 (Java/21.0.1)[\r][\n]"
14:36:56.835 [main] DEBUG com.github.dockerjava.zerodep.shaded.org.apache.hc.client5.http.wire - http-outgoing-4 >> "[\r][\n]"
14:36:56.840 [main] DEBUG com.github.dockerjava.zerodep.shaded.org.apache.hc.client5.http.wire - http-outgoing-4 << "HTTP/1.1 200 OK[\r][\n]"
14:36:56.840 [main] DEBUG com.github.dockerjava.zerodep.shaded.org.apache.hc.client5.http.wire - http-outgoing-4 << "Api-Version: 1.43[\r][\n]"
14:36:56.840 [main] DEBUG com.github.dockerjava.zerodep.shaded.org.apache.hc.client5.http.wire - http-outgoing-4 << "Content-Type: application/json[\r][\n]"
14:36:56.840 [main] DEBUG com.github.dockerjava.zerodep.shaded.org.apache.hc.client5.http.wire - http-outgoing-4 << "Date: Tue, 23 Apr 2024 12:36:56 GMT[\r][\n]"
14:36:56.840 [main] DEBUG com.github.dockerjava.zerodep.shaded.org.apache.hc.client5.http.wire - http-outgoing-4 << "Docker-Experimental: false[\r][\n]"
14:36:56.840 [main] DEBUG com.github.dockerjava.zerodep.shaded.org.apache.hc.client5.http.wire - http-outgoing-4 << "Ostype: linux[\r][\n]"
14:36:56.840 [main] DEBUG com.github.dockerjava.zerodep.shaded.org.apache.hc.client5.http.wire - http-outgoing-4 << "Server: Docker/24.0.6 (linux)[\r][\n]"
14:36:56.840 [main] DEBUG com.github.dockerjava.zerodep.shaded.org.apache.hc.client5.http.wire - http-outgoing-4 << "Transfer-Encoding: chunked[\r][\n]"
14:36:56.840 [main] DEBUG com.github.dockerjava.zerodep.shaded.org.apache.hc.client5.http.wire - http-outgoing-4 << "[\r][\n]"
14:36:56.840 [main] DEBUG com.github.dockerjava.zerodep.shaded.org.apache.hc.client5.http.headers - http-outgoing-4 << HTTP/1.1 200 OK
14:36:56.840 [main] DEBUG com.github.dockerjava.zerodep.shaded.org.apache.hc.client5.http.headers - http-outgoing-4 << Api-Version: 1.43
14:36:56.840 [main] DEBUG com.github.dockerjava.zerodep.shaded.org.apache.hc.client5.http.headers - http-outgoing-4 << Content-Type: application/json
14:36:56.840 [main] DEBUG com.github.dockerjava.zerodep.shaded.org.apache.hc.client5.http.headers - http-outgoing-4 << Date: Tue, 23 Apr 2024 12:36:56 GMT
14:36:56.840 [main] DEBUG com.github.dockerjava.zerodep.shaded.org.apache.hc.client5.http.headers - http-outgoing-4 << Docker-Experimental: false
14:36:56.840 [main] DEBUG com.github.dockerjava.zerodep.shaded.org.apache.hc.client5.http.headers - http-outgoing-4 << Ostype: linux
14:36:56.840 [main] DEBUG com.github.dockerjava.zerodep.shaded.org.apache.hc.client5.http.headers - http-outgoing-4 << Server: Docker/24.0.6 (linux)
14:36:56.840 [main] DEBUG com.github.dockerjava.zerodep.shaded.org.apache.hc.client5.http.headers - http-outgoing-4 << Transfer-Encoding: chunked
14:36:56.840 [main] DEBUG com.github.dockerjava.zerodep.shaded.org.apache.hc.client5.http.impl.classic.MainClientExec - ex-0000002A: connection can be kept alive for 3 MINUTES
14:36:56.842 [main] DEBUG com.github.dockerjava.zerodep.shaded.org.apache.hc.client5.http.wire - http-outgoing-4 << "19cf[\r][\n]"
14:36:56.842 [main] DEBUG com.github.dockerjava.zerodep.shaded.org.apache.hc.client5.http.wire - http-outgoing-4 << "{"Id":"3d4872a30cd005b4fb579d2a576b2e3933dfcfa193df5dde439be8ce7fadc0b2","Created":"2024-04-23T12:36:56.261399093Z","Path":"docker-entrypoint.sh","Args":["postgres","-c","fsync=off"],"State":{"Status":"running","Running":true,"Paused":false,"Restarting":false,"OOMKilled":false,"Dead":false,"Pid":4091,"ExitCode":0,"Error":"","StartedAt":"2024-04-23T12:36:56.767946074Z","FinishedAt":"0001-01-01T00:00:00Z"},"Image":"sha256:d60dc4bd84c0a07f26f1eb9feefcc94d1dbb3a2d478a0b705aa5e7311353108b","ResolvConfPath":"/var/lib/docker/containers/3d4872a30cd005b4fb579d2a576b2e3933dfcfa193df5dde439be8ce7fadc0b2/resolv.conf","HostnamePath":"/var/lib/docker/containers/3d4872a30cd005b4fb579d2a576b2e3933dfcfa193df5dde439be8ce7fadc0b2/hostname","HostsPath":"/var/lib/docker/containers/3d4872a30cd005b4fb579d2a576b2e3933dfcfa193df5dde439be8ce7fadc0b2/hosts","LogPath":"/var/lib/docker/containers/3d4872a30cd005b4fb579d2a576b2e3933dfcfa193df5dde439be8ce7fadc0b2/3d4872a30cd005b4fb579d2a576b2e3933dfcfa193df5dde439be8ce7fadc0b2-json.log","Name":"/bold_curran","RestartCount":0,"Driver":"overlay2","Platform":"linux","MountLabel":"","ProcessLabel":"","AppArmorProfile":"","ExecIDs":null,"HostConfig":{"Binds":[],"ContainerIDFile":"","LogConfig":{"Type":"json-file","Config":{}},"NetworkMode":"default","PortBindings":{"5432/tcp":[{"HostIp":"0.0.0.0","HostPort":"0"}]},"RestartPolicy":{"Name":"","MaximumRetryCount":0},"AutoRemove":false,"VolumeDriver":"","VolumesFrom":[],"ConsoleSize":[0,0],"CapAdd":null,"CapDrop":null,"CgroupnsMode":"host","Dns":null,"DnsOptions":null,"DnsSearch":null,"ExtraHosts":[],"GroupAdd":null,"IpcMode":"shareable","Cgroup":"","Links":null,"OomScoreAdj":0,"PidMode":"","Privileged":false,"PublishAllPorts":false,"ReadonlyRootfs":false,"SecurityOpt":null,"UTSMode":"","UsernsMode":"","ShmSize":67108864,"Runtime":"runc","Isolation":"","CpuShares":0,"Memory":0,"NanoCpus":0,"CgroupParent":"","BlkioWeight":0,"BlkioWeightDevice":null,"BlkioDeviceReadBps":null,"BlkioDeviceWriteBps":null,"BlkioDeviceReadIOps":null,"BlkioDeviceWriteIOps":null,"CpuPeriod":0,"CpuQuota":0,"CpuRealtimePeriod":0,"CpuRealtimeRuntime":0,"CpusetCpus":"","CpusetMems":"","Devices":null,"DeviceCgroupRules":null,"DeviceRequests":null,"MemoryReservation":0,"MemorySwap":0,"MemorySwappiness":null,"OomKillDisable":false,"PidsLimit":null,"Ulimits":null,"CpuCount":0,"CpuPercent":0,"IOMaximumIOps":0,"IOMaximumBandwidth":0,"MaskedPaths":["/proc/asound","/proc/acpi","/proc/kcore","/proc/keys","/proc/latency_stats","/proc/timer_list","/proc/timer_stats","/proc/sched_debug","/proc/scsi","/sys/firmware"],"ReadonlyPaths":["/proc/bus","/proc/fs","/proc/irq","/proc/sys","/proc/sysrq-trigger"]},"GraphDriver":{"Data":{"LowerDir":"/var/lib/docker/overlay2/2ff06e72fffa8e67b8e733ee6c536263ea80f4c4e5e82b4d8efd4cf39fcd2233-init/diff:/var/lib/docker/overlay2/93107d79db34613a52457e79d5e018593ec222f5a552a79b1649195285638a0a/diff:/var/lib/docker/overlay2/d3fe525fc7941eb57234792f96caab4526559c820693b9ec9544161c1598e1b3/diff:/var/lib/docker/overlay2/60613a8d38d051fc17e35f6d9d2fb459e012b8a8421bf0c0b069e04f6f6aec41/diff:/var/lib/docker/overlay2/3f764471cbfae74f200227eeee0829f410a5a9d0da3e4c68f94e4dfe349e5ab1/diff:/var/lib/docker/overlay2/7057ffaa248998f883cb0bbae167239bed3f7172c706c03b78c6595984d42cd0/diff:/var/lib/docker/overlay2/e72db49d277245d0b31319b20fbde31d5a435bc5d5a7ec3e60775d7687b95201/diff:/var/lib/docker/overlay2/d38b42fe049e60dbde54ffcb9a566591fef7b42c16da0a892f285692f15b9f73/diff:/var/lib/docker/overlay2/9bc407bdd75839fd5bfe2820e37c7a1b7d8a1b9e160a8e33b94d51b1fa104acf/diff:/var/lib/docker/overlay2/3e26375b129d99b902d2d0f6a1b5cb69ea17b6d280515504658dcc5136fc69c2/diff:/var/lib/docker/overlay2/5a9a2d0681949bc95e271c2044ae389d799f352bcfef15f6d3587e557dbface9/diff:/var/lib/docker/overlay2/55b270af3a564d45f1bf79137e3f05c98c26c7c0f499b9c9a62c7d84fae4bcfa/diff:/var/lib/docker/overlay2/52bb8e2e8f809f596f63130d85de87a71483aaded33c4ee824f0b73272b6edee/diff:/var/lib/docker/overlay2/b98be56f6fe67aa122af67473ab6cdf532ba04f24826752b2cb6eefbdaa3f33f/diff:/var/lib/docker/overlay2/ddfb7273b4818fa9abcbabcef0"
14:36:56.843 [main] DEBUG com.github.dockerjava.zerodep.shaded.org.apache.hc.client5.http.wire - http-outgoing-4 << "597ccd32c5eefa67f1f46b20b138f94ab28800/diff","MergedDir":"/var/lib/docker/overlay2/2ff06e72fffa8e67b8e733ee6c536263ea80f4c4e5e82b4d8efd4cf39fcd2233/merged","UpperDir":"/var/lib/docker/overlay2/2ff06e72fffa8e67b8e733ee6c536263ea80f4c4e5e82b4d8efd4cf39fcd2233/diff","WorkDir":"/var/lib/docker/overlay2/2ff06e72fffa8e67b8e733ee6c536263ea80f4c4e5e82b4d8efd4cf39fcd2233/work"},"Name":"overlay2"},"Mounts":[{"Type":"volume","Name":"f5ddfe442f260e83213f1b8de2649584782dcf6ff7b668bd5bbc791563ee898e","Source":"/var/lib/docker/volumes/f5ddfe442f260e83213f1b8de2649584782dcf6ff7b668bd5bbc791563ee898e/_data","Destination":"/var/lib/postgresql/data","Driver":"local","Mode":"","RW":true,"Propagation":""}],"Config":{"Hostname":"3d4872a30cd0","Domainname":"","User":"","AttachStdin":false,"AttachStdout":false,"AttachStderr":false,"ExposedPorts":{"5432/tcp":{}},"Tty":false,"OpenStdin":false,"StdinOnce":false,"Env":["POSTGRES_USER=test_user","POSTGRES_PASSWORD=test_password","POSTGRES_DB=test_database","PATH=/usr/local/sbin:/usr/local/bin:/usr/sbin:/usr/bin:/sbin:/bin:/usr/lib/postgresql/16/bin","GOSU_VERSION=1.17","LANG=en_US.utf8","PG_MAJOR=16","PG_VERSION=16.2-1.pgdg120+2","PGDATA=/var/lib/postgresql/data"],"Cmd":["postgres","-c","fsync=off"],"Image":"postgres:latest","Volumes":{"/var/lib/postgresql/data":{}},"WorkingDir":"","Entrypoint":["docker-entrypoint.sh"],"OnBuild":null,"Labels":{"org.testcontainers":"true","org.testcontainers.sessionId":"1ae74cd6-a8ac-4c43-9aa2-e005ceb54352"},"StopSignal":"SIGINT"},"NetworkSettings":{"Bridge":"","SandboxID":"600d8d291e12edfb06e7414d7a3a3c949df6c600a7ce107e914e7ab03e3b1509","HairpinMode":false,"LinkLocalIPv6Address":"","LinkLocalIPv6PrefixLen":0,"Ports":{"5432/tcp":[{"HostIp":"0.0.0.0","HostPort":"61234"}]},"SandboxKey":"/var/run/docker/netns/600d8d291e12","SecondaryIPAddresses":null,"SecondaryIPv6Addresses":null,"EndpointID":"b44b43ed19946a82235c152c192c452a0aa98be8b0a1bf7f0bfee6469d198adf","Gateway":"172.17.0.1","GlobalIPv6Address":"","GlobalIPv6PrefixLen":0,"IPAddress":"172.17.0.3","IPPrefixLen":16,"IPv6Gateway":"","MacAddress":"02:42:ac:11:00:03","Networks":{"bridge":{"IPAMConfig":null,"Links":null,"Aliases":null,"NetworkID":"443b467e5fdc845ed5dc4d32e94523e404f807cca91547cc0fc189d24833fa80","EndpointID":"b44b43ed19946a82235c152c192c452a0aa98be8b0a1bf7f0bfee6469d198adf","Gateway":"172.17.0.1","IPAddress":"172.17.0.3","IPPrefixLen":16,"IPv6Gateway":"","GlobalIPv6Address":"","GlobalIPv6PrefixLen":0,"MacAddress":"02:42:ac:11:00:03","DriverOpts":null}}}}[\n]"
14:36:56.845 [main] DEBUG com.github.dockerjava.zerodep.shaded.org.apache.hc.client5.http.wire - http-outgoing-4 << "[\r][\n]"
14:36:56.845 [main] DEBUG com.github.dockerjava.zerodep.shaded.org.apache.hc.client5.http.wire - http-outgoing-4 << "0[\r][\n]"
14:36:56.845 [main] DEBUG com.github.dockerjava.zerodep.shaded.org.apache.hc.client5.http.wire - http-outgoing-4 << "[\r][\n]"
14:36:56.845 [main] DEBUG com.github.dockerjava.zerodep.shaded.org.apache.hc.client5.http.impl.classic.InternalHttpClient - ep-00000029: releasing valid endpoint
14:36:56.845 [main] DEBUG com.github.dockerjava.zerodep.shaded.org.apache.hc.client5.http.impl.io.PoolingHttpClientConnectionManager - ep-00000029: releasing endpoint
14:36:56.845 [main] DEBUG com.github.dockerjava.zerodep.shaded.org.apache.hc.client5.http.impl.io.PoolingHttpClientConnectionManager - ep-00000029: connection http-outgoing-4 can be kept alive for 3 MINUTES
14:36:56.845 [main] DEBUG com.github.dockerjava.zerodep.shaded.org.apache.hc.client5.http.impl.io.PoolingHttpClientConnectionManager - ep-00000029: connection released [route: {}->npipe://localhost:2375][total available: 1; route allocated: 1 of 2147483647; total allocated: 1 of 2147483647]
14:36:56.846 [ducttape-0] DEBUG org.testcontainers.shaded.com.github.dockerjava.core.command.AbstrDockerCmd - Cmd: 3d4872a30cd005b4fb579d2a576b2e3933dfcfa193df5dde439be8ce7fadc0b2,false
14:36:56.846 [ducttape-0] DEBUG org.testcontainers.shaded.com.github.dockerjava.core.exec.InspectContainerCmdExec - GET: DefaultWebTarget{path=[/containers/3d4872a30cd005b4fb579d2a576b2e3933dfcfa193df5dde439be8ce7fadc0b2/json], queryParams={}}
14:36:56.846 [ducttape-0] DEBUG com.github.dockerjava.zerodep.shaded.org.apache.hc.client5.http.impl.classic.InternalHttpClient - ex-0000002B: preparing request execution
14:36:56.846 [ducttape-0] DEBUG com.github.dockerjava.zerodep.shaded.org.apache.hc.client5.http.protocol.RequestAddCookies - Cookie spec selected: strict
14:36:56.846 [ducttape-0] DEBUG com.github.dockerjava.zerodep.shaded.org.apache.hc.client5.http.protocol.RequestAuthCache - Auth cache not set in the context
14:36:56.846 [ducttape-0] DEBUG com.github.dockerjava.zerodep.shaded.org.apache.hc.client5.http.impl.classic.ProtocolExec - ex-0000002B: target auth state: UNCHALLENGED
14:36:56.846 [ducttape-0] DEBUG com.github.dockerjava.zerodep.shaded.org.apache.hc.client5.http.impl.classic.ProtocolExec - ex-0000002B: proxy auth state: UNCHALLENGED
14:36:56.846 [ducttape-0] DEBUG com.github.dockerjava.zerodep.shaded.org.apache.hc.client5.http.impl.classic.ConnectExec - ex-0000002B: acquiring connection with route {}->npipe://localhost:2375
14:36:56.846 [ducttape-0] DEBUG com.github.dockerjava.zerodep.shaded.org.apache.hc.client5.http.impl.classic.InternalHttpClient - ex-0000002B: acquiring endpoint (3 MINUTES)
14:36:56.846 [ducttape-0] DEBUG com.github.dockerjava.zerodep.shaded.org.apache.hc.client5.http.impl.io.PoolingHttpClientConnectionManager - ex-0000002B: endpoint lease request (3 MINUTES) [route: {}->npipe://localhost:2375][total available: 1; route allocated: 1 of 2147483647; total allocated: 1 of 2147483647]
14:36:56.847 [ducttape-0] DEBUG com.github.dockerjava.zerodep.shaded.org.apache.hc.client5.http.impl.io.PoolingHttpClientConnectionManager - ex-0000002B: endpoint leased [route: {}->npipe://localhost:2375][total available: 0; route allocated: 1 of 2147483647; total allocated: 1 of 2147483647]
14:36:56.847 [ducttape-0] DEBUG com.github.dockerjava.zerodep.shaded.org.apache.hc.client5.http.impl.io.PoolingHttpClientConnectionManager - ex-0000002B: acquired ep-0000002A
14:36:56.847 [ducttape-0] DEBUG com.github.dockerjava.zerodep.shaded.org.apache.hc.client5.http.impl.classic.InternalHttpClient - ex-0000002B: acquired endpoint ep-0000002A
14:36:56.847 [ducttape-0] DEBUG com.github.dockerjava.zerodep.shaded.org.apache.hc.client5.http.impl.classic.MainClientExec - ex-0000002B: executing GET /v1.32/containers/3d4872a30cd005b4fb579d2a576b2e3933dfcfa193df5dde439be8ce7fadc0b2/json HTTP/1.1
14:36:56.847 [ducttape-0] DEBUG com.github.dockerjava.zerodep.shaded.org.apache.hc.client5.http.impl.classic.InternalHttpClient - ep-0000002A: start execution ex-0000002B
14:36:56.847 [ducttape-0] DEBUG com.github.dockerjava.zerodep.shaded.org.apache.hc.client5.http.impl.io.PoolingHttpClientConnectionManager - ep-0000002A: executing exchange ex-0000002B over http-outgoing-4
14:36:56.847 [ducttape-0] DEBUG com.github.dockerjava.zerodep.shaded.org.apache.hc.client5.http.headers - http-outgoing-4 >> GET /v1.32/containers/3d4872a30cd005b4fb579d2a576b2e3933dfcfa193df5dde439be8ce7fadc0b2/json HTTP/1.1
14:36:56.847 [ducttape-0] DEBUG com.github.dockerjava.zerodep.shaded.org.apache.hc.client5.http.headers - http-outgoing-4 >> accept: application/json
14:36:56.847 [ducttape-0] DEBUG com.github.dockerjava.zerodep.shaded.org.apache.hc.client5.http.headers - http-outgoing-4 >> Accept-Encoding: gzip, x-gzip, deflate
14:36:56.847 [ducttape-0] DEBUG com.github.dockerjava.zerodep.shaded.org.apache.hc.client5.http.headers - http-outgoing-4 >> Host: localhost:2375
14:36:56.847 [ducttape-0] DEBUG com.github.dockerjava.zerodep.shaded.org.apache.hc.client5.http.headers - http-outgoing-4 >> Connection: keep-alive
14:36:56.847 [ducttape-0] DEBUG com.github.dockerjava.zerodep.shaded.org.apache.hc.client5.http.headers - http-outgoing-4 >> User-Agent: Apache-HttpClient/5.0.3 (Java/21.0.1)
14:36:56.847 [ducttape-0] DEBUG com.github.dockerjava.zerodep.shaded.org.apache.hc.client5.http.wire - http-outgoing-4 >> "GET /v1.32/containers/3d4872a30cd005b4fb579d2a576b2e3933dfcfa193df5dde439be8ce7fadc0b2/json HTTP/1.1[\r][\n]"
14:36:56.847 [ducttape-0] DEBUG com.github.dockerjava.zerodep.shaded.org.apache.hc.client5.http.wire - http-outgoing-4 >> "accept: application/json[\r][\n]"
14:36:56.847 [ducttape-0] DEBUG com.github.dockerjava.zerodep.shaded.org.apache.hc.client5.http.wire - http-outgoing-4 >> "Accept-Encoding: gzip, x-gzip, deflate[\r][\n]"
14:36:56.847 [ducttape-0] DEBUG com.github.dockerjava.zerodep.shaded.org.apache.hc.client5.http.wire - http-outgoing-4 >> "Host: localhost:2375[\r][\n]"
14:36:56.847 [ducttape-0] DEBUG com.github.dockerjava.zerodep.shaded.org.apache.hc.client5.http.wire - http-outgoing-4 >> "Connection: keep-alive[\r][\n]"
14:36:56.847 [ducttape-0] DEBUG com.github.dockerjava.zerodep.shaded.org.apache.hc.client5.http.wire - http-outgoing-4 >> "User-Agent: Apache-HttpClient/5.0.3 (Java/21.0.1)[\r][\n]"
14:36:56.847 [ducttape-0] DEBUG com.github.dockerjava.zerodep.shaded.org.apache.hc.client5.http.wire - http-outgoing-4 >> "[\r][\n]"
14:36:56.851 [ducttape-0] DEBUG com.github.dockerjava.zerodep.shaded.org.apache.hc.client5.http.wire - http-outgoing-4 << "HTTP/1.1 200 OK[\r][\n]"
14:36:56.851 [ducttape-0] DEBUG com.github.dockerjava.zerodep.shaded.org.apache.hc.client5.http.wire - http-outgoing-4 << "Api-Version: 1.43[\r][\n]"
14:36:56.851 [ducttape-0] DEBUG com.github.dockerjava.zerodep.shaded.org.apache.hc.client5.http.wire - http-outgoing-4 << "Content-Type: application/json[\r][\n]"
14:36:56.851 [ducttape-0] DEBUG com.github.dockerjava.zerodep.shaded.org.apache.hc.client5.http.wire - http-outgoing-4 << "Date: Tue, 23 Apr 2024 12:36:56 GMT[\r][\n]"
14:36:56.851 [ducttape-0] DEBUG com.github.dockerjava.zerodep.shaded.org.apache.hc.client5.http.wire - http-outgoing-4 << "Docker-Experimental: false[\r][\n]"
14:36:56.851 [ducttape-0] DEBUG com.github.dockerjava.zerodep.shaded.org.apache.hc.client5.http.wire - http-outgoing-4 << "Ostype: linux[\r][\n]"
14:36:56.851 [ducttape-0] DEBUG com.github.dockerjava.zerodep.shaded.org.apache.hc.client5.http.wire - http-outgoing-4 << "Server: Docker/24.0.6 (linux)[\r][\n]"
14:36:56.851 [ducttape-0] DEBUG com.github.dockerjava.zerodep.shaded.org.apache.hc.client5.http.wire - http-outgoing-4 << "Transfer-Encoding: chunked[\r][\n]"
14:36:56.851 [ducttape-0] DEBUG com.github.dockerjava.zerodep.shaded.org.apache.hc.client5.http.wire - http-outgoing-4 << "[\r][\n]"
14:36:56.852 [ducttape-0] DEBUG com.github.dockerjava.zerodep.shaded.org.apache.hc.client5.http.headers - http-outgoing-4 << HTTP/1.1 200 OK
14:36:56.852 [ducttape-0] DEBUG com.github.dockerjava.zerodep.shaded.org.apache.hc.client5.http.headers - http-outgoing-4 << Api-Version: 1.43
14:36:56.852 [ducttape-0] DEBUG com.github.dockerjava.zerodep.shaded.org.apache.hc.client5.http.headers - http-outgoing-4 << Content-Type: application/json
14:36:56.852 [ducttape-0] DEBUG com.github.dockerjava.zerodep.shaded.org.apache.hc.client5.http.headers - http-outgoing-4 << Date: Tue, 23 Apr 2024 12:36:56 GMT
14:36:56.852 [ducttape-0] DEBUG com.github.dockerjava.zerodep.shaded.org.apache.hc.client5.http.headers - http-outgoing-4 << Docker-Experimental: false
14:36:56.852 [ducttape-0] DEBUG com.github.dockerjava.zerodep.shaded.org.apache.hc.client5.http.headers - http-outgoing-4 << Ostype: linux
14:36:56.852 [ducttape-0] DEBUG com.github.dockerjava.zerodep.shaded.org.apache.hc.client5.http.headers - http-outgoing-4 << Server: Docker/24.0.6 (linux)
14:36:56.852 [ducttape-0] DEBUG com.github.dockerjava.zerodep.shaded.org.apache.hc.client5.http.headers - http-outgoing-4 << Transfer-Encoding: chunked
14:36:56.852 [ducttape-0] DEBUG com.github.dockerjava.zerodep.shaded.org.apache.hc.client5.http.impl.classic.MainClientExec - ex-0000002B: connection can be kept alive for 3 MINUTES
14:36:56.854 [ducttape-0] DEBUG com.github.dockerjava.zerodep.shaded.org.apache.hc.client5.http.wire - http-outgoing-4 << "19cf[\r][\n]"
14:36:56.854 [ducttape-0] DEBUG com.github.dockerjava.zerodep.shaded.org.apache.hc.client5.http.wire - http-outgoing-4 << "{"Id":"3d4872a30cd005b4fb579d2a576b2e3933dfcfa193df5dde439be8ce7fadc0b2","Created":"2024-04-23T12:36:56.261399093Z","Path":"docker-entrypoint.sh","Args":["postgres","-c","fsync=off"],"State":{"Status":"running","Running":true,"Paused":false,"Restarting":false,"OOMKilled":false,"Dead":false,"Pid":4091,"ExitCode":0,"Error":"","StartedAt":"2024-04-23T12:36:56.767946074Z","FinishedAt":"0001-01-01T00:00:00Z"},"Image":"sha256:d60dc4bd84c0a07f26f1eb9feefcc94d1dbb3a2d478a0b705aa5e7311353108b","ResolvConfPath":"/var/lib/docker/containers/3d4872a30cd005b4fb579d2a576b2e3933dfcfa193df5dde439be8ce7fadc0b2/resolv.conf","HostnamePath":"/var/lib/docker/containers/3d4872a30cd005b4fb579d2a576b2e3933dfcfa193df5dde439be8ce7fadc0b2/hostname","HostsPath":"/var/lib/docker/containers/3d4872a30cd005b4fb579d2a576b2e3933dfcfa193df5dde439be8ce7fadc0b2/hosts","LogPath":"/var/lib/docker/containers/3d4872a30cd005b4fb579d2a576b2e3933dfcfa193df5dde439be8ce7fadc0b2/3d4872a30cd005b4fb579d2a576b2e3933dfcfa193df5dde439be8ce7fadc0b2-json.log","Name":"/bold_curran","RestartCount":0,"Driver":"overlay2","Platform":"linux","MountLabel":"","ProcessLabel":"","AppArmorProfile":"","ExecIDs":null,"HostConfig":{"Binds":[],"ContainerIDFile":"","LogConfig":{"Type":"json-file","Config":{}},"NetworkMode":"default","PortBindings":{"5432/tcp":[{"HostIp":"0.0.0.0","HostPort":"0"}]},"RestartPolicy":{"Name":"","MaximumRetryCount":0},"AutoRemove":false,"VolumeDriver":"","VolumesFrom":[],"ConsoleSize":[0,0],"CapAdd":null,"CapDrop":null,"CgroupnsMode":"host","Dns":null,"DnsOptions":null,"DnsSearch":null,"ExtraHosts":[],"GroupAdd":null,"IpcMode":"shareable","Cgroup":"","Links":null,"OomScoreAdj":0,"PidMode":"","Privileged":false,"PublishAllPorts":false,"ReadonlyRootfs":false,"SecurityOpt":null,"UTSMode":"","UsernsMode":"","ShmSize":67108864,"Runtime":"runc","Isolation":"","CpuShares":0,"Memory":0,"NanoCpus":0,"CgroupParent":"","BlkioWeight":0,"BlkioWeightDevice":null,"BlkioDeviceReadBps":null,"BlkioDeviceWriteBps":null,"BlkioDeviceReadIOps":null,"BlkioDeviceWriteIOps":null,"CpuPeriod":0,"CpuQuota":0,"CpuRealtimePeriod":0,"CpuRealtimeRuntime":0,"CpusetCpus":"","CpusetMems":"","Devices":null,"DeviceCgroupRules":null,"DeviceRequests":null,"MemoryReservation":0,"MemorySwap":0,"MemorySwappiness":null,"OomKillDisable":false,"PidsLimit":null,"Ulimits":null,"CpuCount":0,"CpuPercent":0,"IOMaximumIOps":0,"IOMaximumBandwidth":0,"MaskedPaths":["/proc/asound","/proc/acpi","/proc/kcore","/proc/keys","/proc/latency_stats","/proc/timer_list","/proc/timer_stats","/proc/sched_debug","/proc/scsi","/sys/firmware"],"ReadonlyPaths":["/proc/bus","/proc/fs","/proc/irq","/proc/sys","/proc/sysrq-trigger"]},"GraphDriver":{"Data":{"LowerDir":"/var/lib/docker/overlay2/2ff06e72fffa8e67b8e733ee6c536263ea80f4c4e5e82b4d8efd4cf39fcd2233-init/diff:/var/lib/docker/overlay2/93107d79db34613a52457e79d5e018593ec222f5a552a79b1649195285638a0a/diff:/var/lib/docker/overlay2/d3fe525fc7941eb57234792f96caab4526559c820693b9ec9544161c1598e1b3/diff:/var/lib/docker/overlay2/60613a8d38d051fc17e35f6d9d2fb459e012b8a8421bf0c0b069e04f6f6aec41/diff:/var/lib/docker/overlay2/3f764471cbfae74f200227eeee0829f410a5a9d0da3e4c68f94e4dfe349e5ab1/diff:/var/lib/docker/overlay2/7057ffaa248998f883cb0bbae167239bed3f7172c706c03b78c6595984d42cd0/diff:/var/lib/docker/overlay2/e72db49d277245d0b31319b20fbde31d5a435bc5d5a7ec3e60775d7687b95201/diff:/var/lib/docker/overlay2/d38b42fe049e60dbde54ffcb9a566591fef7b42c16da0a892f285692f15b9f73/diff:/var/lib/docker/overlay2/9bc407bdd75839fd5bfe2820e37c7a1b7d8a1b9e160a8e33b94d51b1fa104acf/diff:/var/lib/docker/overlay2/3e26375b129d99b902d2d0f6a1b5cb69ea17b6d280515504658dcc5136fc69c2/diff:/var/lib/docker/overlay2/5a9a2d0681949bc95e271c2044ae389d799f352bcfef15f6d3587e557dbface9/diff:/var/lib/docker/overlay2/55b270af3a564d45f1bf79137e3f05c98c26c7c0f499b9c9a62c7d84fae4bcfa/diff:/var/lib/docker/overlay2/52bb8e2e8f809f596f63130d85de87a71483aaded33c4ee824f0b73272b6edee/diff:/var/lib/docker/overlay2/b98be56f6fe67aa122af67473ab6cdf532ba04f24826752b2cb6eefbdaa3f33f/diff:/var/lib/docker/overlay2/ddfb7273b4818fa9abcbabcef0"
14:36:56.854 [ducttape-0] DEBUG com.github.dockerjava.zerodep.shaded.org.apache.hc.client5.http.wire - http-outgoing-4 << "597ccd32c5eefa67f1f46b20b138f94ab28800/diff","MergedDir":"/var/lib/docker/overlay2/2ff06e72fffa8e67b8e733ee6c536263ea80f4c4e5e82b4d8efd4cf39fcd2233/merged","UpperDir":"/var/lib/docker/overlay2/2ff06e72fffa8e67b8e733ee6c536263ea80f4c4e5e82b4d8efd4cf39fcd2233/diff","WorkDir":"/var/lib/docker/overlay2/2ff06e72fffa8e67b8e733ee6c536263ea80f4c4e5e82b4d8efd4cf39fcd2233/work"},"Name":"overlay2"},"Mounts":[{"Type":"volume","Name":"f5ddfe442f260e83213f1b8de2649584782dcf6ff7b668bd5bbc791563ee898e","Source":"/var/lib/docker/volumes/f5ddfe442f260e83213f1b8de2649584782dcf6ff7b668bd5bbc791563ee898e/_data","Destination":"/var/lib/postgresql/data","Driver":"local","Mode":"","RW":true,"Propagation":""}],"Config":{"Hostname":"3d4872a30cd0","Domainname":"","User":"","AttachStdin":false,"AttachStdout":false,"AttachStderr":false,"ExposedPorts":{"5432/tcp":{}},"Tty":false,"OpenStdin":false,"StdinOnce":false,"Env":["POSTGRES_USER=test_user","POSTGRES_PASSWORD=test_password","POSTGRES_DB=test_database","PATH=/usr/local/sbin:/usr/local/bin:/usr/sbin:/usr/bin:/sbin:/bin:/usr/lib/postgresql/16/bin","GOSU_VERSION=1.17","LANG=en_US.utf8","PG_MAJOR=16","PG_VERSION=16.2-1.pgdg120+2","PGDATA=/var/lib/postgresql/data"],"Cmd":["postgres","-c","fsync=off"],"Image":"postgres:latest","Volumes":{"/var/lib/postgresql/data":{}},"WorkingDir":"","Entrypoint":["docker-entrypoint.sh"],"OnBuild":null,"Labels":{"org.testcontainers":"true","org.testcontainers.sessionId":"1ae74cd6-a8ac-4c43-9aa2-e005ceb54352"},"StopSignal":"SIGINT"},"NetworkSettings":{"Bridge":"","SandboxID":"600d8d291e12edfb06e7414d7a3a3c949df6c600a7ce107e914e7ab03e3b1509","HairpinMode":false,"LinkLocalIPv6Address":"","LinkLocalIPv6PrefixLen":0,"Ports":{"5432/tcp":[{"HostIp":"0.0.0.0","HostPort":"61234"}]},"SandboxKey":"/var/run/docker/netns/600d8d291e12","SecondaryIPAddresses":null,"SecondaryIPv6Addresses":null,"EndpointID":"b44b43ed19946a82235c152c192c452a0aa98be8b0a1bf7f0bfee6469d198adf","Gateway":"172.17.0.1","GlobalIPv6Address":"","GlobalIPv6PrefixLen":0,"IPAddress":"172.17.0.3","IPPrefixLen":16,"IPv6Gateway":"","MacAddress":"02:42:ac:11:00:03","Networks":{"bridge":{"IPAMConfig":null,"Links":null,"Aliases":null,"NetworkID":"443b467e5fdc845ed5dc4d32e94523e404f807cca91547cc0fc189d24833fa80","EndpointID":"b44b43ed19946a82235c152c192c452a0aa98be8b0a1bf7f0bfee6469d198adf","Gateway":"172.17.0.1","IPAddress":"172.17.0.3","IPPrefixLen":16,"IPv6Gateway":"","GlobalIPv6Address":"","GlobalIPv6PrefixLen":0,"MacAddress":"02:42:ac:11:00:03","DriverOpts":null}}}}[\n]"
14:36:56.867 [ducttape-0] DEBUG com.github.dockerjava.zerodep.shaded.org.apache.hc.client5.http.wire - http-outgoing-4 << "[\r][\n]"
14:36:56.867 [ducttape-0] DEBUG com.github.dockerjava.zerodep.shaded.org.apache.hc.client5.http.wire - http-outgoing-4 << "0[\r][\n]"
14:36:56.867 [ducttape-0] DEBUG com.github.dockerjava.zerodep.shaded.org.apache.hc.client5.http.wire - http-outgoing-4 << "[\r][\n]"
14:36:56.867 [ducttape-0] DEBUG com.github.dockerjava.zerodep.shaded.org.apache.hc.client5.http.impl.classic.InternalHttpClient - ep-0000002A: releasing valid endpoint
14:36:56.867 [ducttape-0] DEBUG com.github.dockerjava.zerodep.shaded.org.apache.hc.client5.http.impl.io.PoolingHttpClientConnectionManager - ep-0000002A: releasing endpoint
14:36:56.867 [ducttape-0] DEBUG com.github.dockerjava.zerodep.shaded.org.apache.hc.client5.http.impl.io.PoolingHttpClientConnectionManager - ep-0000002A: connection http-outgoing-4 can be kept alive for 3 MINUTES
14:36:56.867 [ducttape-0] DEBUG com.github.dockerjava.zerodep.shaded.org.apache.hc.client5.http.impl.io.PoolingHttpClientConnectionManager - ep-0000002A: connection released [route: {}->npipe://localhost:2375][total available: 1; route allocated: 1 of 2147483647; total allocated: 1 of 2147483647]
14:36:56.869 [docker-java-stream--1317987165] DEBUG com.github.dockerjava.zerodep.shaded.org.apache.hc.client5.http.impl.classic.InternalHttpClient - ex-0000002C: preparing request execution
14:36:56.870 [docker-java-stream--1317987165] DEBUG com.github.dockerjava.zerodep.shaded.org.apache.hc.client5.http.protocol.RequestAddCookies - Cookie spec selected: strict
14:36:56.870 [docker-java-stream--1317987165] DEBUG com.github.dockerjava.zerodep.shaded.org.apache.hc.client5.http.protocol.RequestAuthCache - Auth cache not set in the context
14:36:56.870 [docker-java-stream--1317987165] DEBUG com.github.dockerjava.zerodep.shaded.org.apache.hc.client5.http.impl.classic.ProtocolExec - ex-0000002C: target auth state: UNCHALLENGED
14:36:56.870 [docker-java-stream--1317987165] DEBUG com.github.dockerjava.zerodep.shaded.org.apache.hc.client5.http.impl.classic.ProtocolExec - ex-0000002C: proxy auth state: UNCHALLENGED
14:36:56.870 [docker-java-stream--1317987165] DEBUG com.github.dockerjava.zerodep.shaded.org.apache.hc.client5.http.impl.classic.ConnectExec - ex-0000002C: acquiring connection with route {}->npipe://localhost:2375
14:36:56.870 [docker-java-stream--1317987165] DEBUG com.github.dockerjava.zerodep.shaded.org.apache.hc.client5.http.impl.classic.InternalHttpClient - ex-0000002C: acquiring endpoint (3 MINUTES)
14:36:56.871 [docker-java-stream--1317987165] DEBUG com.github.dockerjava.zerodep.shaded.org.apache.hc.client5.http.impl.io.PoolingHttpClientConnectionManager - ex-0000002C: endpoint lease request (3 MINUTES) [route: {}->npipe://localhost:2375][total available: 1; route allocated: 1 of 2147483647; total allocated: 1 of 2147483647]
14:36:56.871 [docker-java-stream--1317987165] DEBUG com.github.dockerjava.zerodep.shaded.org.apache.hc.client5.http.impl.io.PoolingHttpClientConnectionManager - ex-0000002C: endpoint leased [route: {}->npipe://localhost:2375][total available: 0; route allocated: 1 of 2147483647; total allocated: 1 of 2147483647]
14:36:56.871 [docker-java-stream--1317987165] DEBUG com.github.dockerjava.zerodep.shaded.org.apache.hc.client5.http.impl.io.PoolingHttpClientConnectionManager - ex-0000002C: acquired ep-0000002B
14:36:56.871 [docker-java-stream--1317987165] DEBUG com.github.dockerjava.zerodep.shaded.org.apache.hc.client5.http.impl.classic.InternalHttpClient - ex-0000002C: acquired endpoint ep-0000002B
14:36:56.872 [docker-java-stream--1317987165] DEBUG com.github.dockerjava.zerodep.shaded.org.apache.hc.client5.http.impl.classic.MainClientExec - ex-0000002C: executing GET /v1.32/containers/3d4872a30cd005b4fb579d2a576b2e3933dfcfa193df5dde439be8ce7fadc0b2/logs?stdout=true&stderr=true&follow=true&since=0 HTTP/1.1
14:36:56.872 [docker-java-stream--1317987165] DEBUG com.github.dockerjava.zerodep.shaded.org.apache.hc.client5.http.impl.classic.InternalHttpClient - ep-0000002B: start execution ex-0000002C
14:36:56.872 [docker-java-stream--1317987165] DEBUG com.github.dockerjava.zerodep.shaded.org.apache.hc.client5.http.impl.io.PoolingHttpClientConnectionManager - ep-0000002B: executing exchange ex-0000002C over http-outgoing-4
14:36:56.872 [docker-java-stream--1317987165] DEBUG com.github.dockerjava.zerodep.shaded.org.apache.hc.client5.http.headers - http-outgoing-4 >> GET /v1.32/containers/3d4872a30cd005b4fb579d2a576b2e3933dfcfa193df5dde439be8ce7fadc0b2/logs?stdout=true&stderr=true&follow=true&since=0 HTTP/1.1
14:36:56.872 [docker-java-stream--1317987165] DEBUG com.github.dockerjava.zerodep.shaded.org.apache.hc.client5.http.headers - http-outgoing-4 >> Accept-Encoding: gzip, x-gzip, deflate
14:36:56.872 [docker-java-stream--1317987165] DEBUG com.github.dockerjava.zerodep.shaded.org.apache.hc.client5.http.headers - http-outgoing-4 >> Host: localhost:2375
14:36:56.872 [docker-java-stream--1317987165] DEBUG com.github.dockerjava.zerodep.shaded.org.apache.hc.client5.http.headers - http-outgoing-4 >> Connection: keep-alive
14:36:56.872 [docker-java-stream--1317987165] DEBUG com.github.dockerjava.zerodep.shaded.org.apache.hc.client5.http.headers - http-outgoing-4 >> User-Agent: Apache-HttpClient/5.0.3 (Java/21.0.1)
14:36:56.872 [docker-java-stream--1317987165] DEBUG com.github.dockerjava.zerodep.shaded.org.apache.hc.client5.http.wire - http-outgoing-4 >> "GET /v1.32/containers/3d4872a30cd005b4fb579d2a576b2e3933dfcfa193df5dde439be8ce7fadc0b2/logs?stdout=true&stderr=true&follow=true&since=0 HTTP/1.1[\r][\n]"
14:36:56.872 [docker-java-stream--1317987165] DEBUG com.github.dockerjava.zerodep.shaded.org.apache.hc.client5.http.wire - http-outgoing-4 >> "Accept-Encoding: gzip, x-gzip, deflate[\r][\n]"
14:36:56.872 [docker-java-stream--1317987165] DEBUG com.github.dockerjava.zerodep.shaded.org.apache.hc.client5.http.wire - http-outgoing-4 >> "Host: localhost:2375[\r][\n]"
14:36:56.872 [docker-java-stream--1317987165] DEBUG com.github.dockerjava.zerodep.shaded.org.apache.hc.client5.http.wire - http-outgoing-4 >> "Connection: keep-alive[\r][\n]"
14:36:56.872 [docker-java-stream--1317987165] DEBUG com.github.dockerjava.zerodep.shaded.org.apache.hc.client5.http.wire - http-outgoing-4 >> "User-Agent: Apache-HttpClient/5.0.3 (Java/21.0.1)[\r][\n]"
14:36:56.872 [docker-java-stream--1317987165] DEBUG com.github.dockerjava.zerodep.shaded.org.apache.hc.client5.http.wire - http-outgoing-4 >> "[\r][\n]"
14:36:56.876 [docker-java-stream--1317987165] DEBUG com.github.dockerjava.zerodep.shaded.org.apache.hc.client5.http.wire - http-outgoing-4 << "HTTP/1.1 200 OK[\r][\n]"
14:36:56.876 [docker-java-stream--1317987165] DEBUG com.github.dockerjava.zerodep.shaded.org.apache.hc.client5.http.wire - http-outgoing-4 << "Api-Version: 1.43[\r][\n]"
14:36:56.876 [docker-java-stream--1317987165] DEBUG com.github.dockerjava.zerodep.shaded.org.apache.hc.client5.http.wire - http-outgoing-4 << "Content-Type: application/vnd.docker.raw-stream[\r][\n]"
14:36:56.876 [docker-java-stream--1317987165] DEBUG com.github.dockerjava.zerodep.shaded.org.apache.hc.client5.http.wire - http-outgoing-4 << "Date: Tue, 23 Apr 2024 12:36:56 GMT[\r][\n]"
14:36:56.876 [docker-java-stream--1317987165] DEBUG com.github.dockerjava.zerodep.shaded.org.apache.hc.client5.http.wire - http-outgoing-4 << "Docker-Experimental: false[\r][\n]"
14:36:56.876 [docker-java-stream--1317987165] DEBUG com.github.dockerjava.zerodep.shaded.org.apache.hc.client5.http.wire - http-outgoing-4 << "Ostype: linux[\r][\n]"
14:36:56.876 [docker-java-stream--1317987165] DEBUG com.github.dockerjava.zerodep.shaded.org.apache.hc.client5.http.wire - http-outgoing-4 << "Server: Docker/24.0.6 (linux)[\r][\n]"
14:36:56.876 [docker-java-stream--1317987165] DEBUG com.github.dockerjava.zerodep.shaded.org.apache.hc.client5.http.wire - http-outgoing-4 << "Transfer-Encoding: chunked[\r][\n]"
14:36:56.876 [docker-java-stream--1317987165] DEBUG com.github.dockerjava.zerodep.shaded.org.apache.hc.client5.http.wire - http-outgoing-4 << "[\r][\n]"
14:36:56.876 [docker-java-stream--1317987165] DEBUG com.github.dockerjava.zerodep.shaded.org.apache.hc.client5.http.headers - http-outgoing-4 << HTTP/1.1 200 OK
14:36:56.876 [docker-java-stream--1317987165] DEBUG com.github.dockerjava.zerodep.shaded.org.apache.hc.client5.http.headers - http-outgoing-4 << Api-Version: 1.43
[...]
14:36:58.449 [main] DEBUG org.testcontainers.containers.output.WaitingConsumer - STDOUT:  done
14:36:58.451 [docker-java-stream--1317987165] DEBUG com.github.dockerjava.zerodep.shaded.org.apache.hc.client5.http.wire - http-outgoing-4 << "50[\r][\n]"
14:36:58.451 [docker-java-stream--1317987165] DEBUG com.github.dockerjava.zerodep.shaded.org.apache.hc.client5.http.wire - http-outgoing-4 << "[0x1][0x0][0x0][0x0][0x0][0x0][0x0][0x1][\n]"
14:36:58.451 [docker-java-stream--1317987165] DEBUG com.github.dockerjava.zerodep.shaded.org.apache.hc.client5.http.wire - http-outgoing-4 << "[0x1][0x0][0x0][0x0][0x0][0x0][0x0]6PostgreSQL init process complete; ready for start up.[\n]"
14:36:58.451 [docker-java-stream--1317987165] DEBUG com.github.dockerjava.zerodep.shaded.org.apache.hc.client5.http.wire - http-outgoing-4 << "[0x1][0x0][0x0][0x0][0x0][0x0][0x0][0x1][\n]"
14:36:58.451 [docker-java-stream--1317987165] DEBUG com.github.dockerjava.zerodep.shaded.org.apache.hc.client5.http.wire - http-outgoing-4 << "[\r][\n]"
14:36:58.463 [main] DEBUG org.testcontainers.containers.output.WaitingConsumer - STDOUT: 
14:36:58.463 [main] DEBUG org.testcontainers.containers.output.WaitingConsumer - STDOUT: PostgreSQL init process complete; ready for start up.
14:36:58.463 [main] DEBUG org.testcontainers.containers.output.WaitingConsumer - STDOUT: 
14:36:58.485 [docker-java-stream--1317987165] DEBUG com.github.dockerjava.zerodep.shaded.org.apache.hc.client5.http.wire - http-outgoing-4 << "160[\r][\n]"
14:36:58.485 [docker-java-stream--1317987165] DEBUG com.github.dockerjava.zerodep.shaded.org.apache.hc.client5.http.wire - http-outgoing-4 << "[0x2][0x0][0x0][0x0][0x0][0x0][0x0][0xffffffa3]2024-04-23 12:36:58.482 UTC [1] LOG:  starting PostgreSQL 16.2 (Debian 16.2-1.pgdg120+2) on x86_64-pc-linux-gnu, compiled by gcc (Debian 12.2.0-14) 12.2.0, 64-bit[\n]"
14:36:58.485 [docker-java-stream--1317987165] DEBUG com.github.dockerjava.zerodep.shaded.org.apache.hc.client5.http.wire - http-outgoing-4 << "[0x2][0x0][0x0][0x0][0x0][0x0][0x0]U2024-04-23 12:36:58.482 UTC [1] LOG:  listening on IPv4 address "0.0.0.0", port 5432[\n]"
14:36:58.485 [docker-java-stream--1317987165] DEBUG com.github.dockerjava.zerodep.shaded.org.apache.hc.client5.http.wire - http-outgoing-4 << "[0x2][0x0][0x0][0x0][0x0][0x0][0x0]P2024-04-23 12:36:58.483 UTC [1] LOG:  listening on IPv6 address "::", port 5432[\n]"
14:36:58.485 [docker-java-stream--1317987165] DEBUG com.github.dockerjava.zerodep.shaded.org.apache.hc.client5.http.wire - http-outgoing-4 << "[\r][\n]"
14:36:58.486 [main] DEBUG org.testcontainers.containers.output.WaitingConsumer - STDERR: 2024-04-23 12:36:58.482 UTC [1] LOG:  listening on IPv4 address "0.0.0.0", port 5432
14:36:58.486 [main] DEBUG org.testcontainers.containers.output.WaitingConsumer - STDERR: 2024-04-23 12:36:58.483 UTC [1] LOG:  listening on IPv6 address "::", port 5432
14:36:58.486 [main] DEBUG org.testcontainers.containers.output.WaitingConsumer - STDERR: 2024-04-23 12:36:58.482 UTC [1] LOG:  starting PostgreSQL 16.2 (Debian 16.2-1.pgdg120+2) on x86_64-pc-linux-gnu, compiled by gcc (Debian 12.2.0-14) 12.2.0, 64-bit
14:36:58.486 [docker-java-stream--1317987165] DEBUG com.github.dockerjava.zerodep.shaded.org.apache.hc.client5.http.wire - http-outgoing-4 << "6b[\r][\n]"
14:36:58.486 [docker-java-stream--1317987165] DEBUG com.github.dockerjava.zerodep.shaded.org.apache.hc.client5.http.wire - http-outgoing-4 << "[0x2][0x0][0x0][0x0][0x0][0x0][0x0]c2024-04-23 12:36:58.483 UTC [1] LOG:  listening on Unix socket "/var/run/postgresql/.s.PGSQL.5432"[\n]"
14:36:58.486 [docker-java-stream--1317987165] DEBUG com.github.dockerjava.zerodep.shaded.org.apache.hc.client5.http.wire - http-outgoing-4 << "[\r][\n]"
14:36:58.491 [docker-java-stream--1317987165] DEBUG com.github.dockerjava.zerodep.shaded.org.apache.hc.client5.http.wire - http-outgoing-4 << "68[\r][\n]"
14:36:58.491 [docker-java-stream--1317987165] DEBUG com.github.dockerjava.zerodep.shaded.org.apache.hc.client5.http.wire - http-outgoing-4 << "[0x2][0x0][0x0][0x0][0x0][0x0][0x0]`2024-04-23 12:36:58.489 UTC [64] LOG:  database system was shut down at 2024-04-23 12:36:58 UTC[\n]"
14:36:58.491 [docker-java-stream--1317987165] DEBUG com.github.dockerjava.zerodep.shaded.org.apache.hc.client5.http.wire - http-outgoing-4 << "[\r][\n]"
14:36:58.498 [docker-java-stream--1317987165] DEBUG com.github.dockerjava.zerodep.shaded.org.apache.hc.client5.http.wire - http-outgoing-4 << "5d[\r][\n]"
14:36:58.498 [docker-java-stream--1317987165] DEBUG com.github.dockerjava.zerodep.shaded.org.apache.hc.client5.http.wire - http-outgoing-4 << "[0x2][0x0][0x0][0x0][0x0][0x0][0x0]U2024-04-23 12:36:58.496 UTC [1] LOG:  database system is ready to accept connections[\n]"
14:36:58.498 [docker-java-stream--1317987165] DEBUG com.github.dockerjava.zerodep.shaded.org.apache.hc.client5.http.wire - http-outgoing-4 << "[\r][\n]"
14:36:58.509 [main] DEBUG org.testcontainers.containers.output.WaitingConsumer - STDERR: 2024-04-23 12:36:58.496 UTC [1] LOG:  database system is ready to accept connections
14:36:58.509 [main] DEBUG com.github.dockerjava.zerodep.shaded.org.apache.hc.client5.http.impl.classic.InternalHttpClient - ep-0000002B: cancel
14:36:58.509 [main] DEBUG com.github.dockerjava.zerodep.shaded.org.apache.hc.client5.http.impl.io.DefaultManagedHttpClientConnection - http-outgoing-4: close connection IMMEDIATE
14:36:58.510 [main] DEBUG com.github.dockerjava.zerodep.shaded.org.apache.hc.client5.http.impl.classic.InternalHttpClient - ep-0000002B: endpoint closed
14:36:58.510 [main] DEBUG com.github.dockerjava.zerodep.shaded.org.apache.hc.client5.http.impl.classic.InternalHttpClient - ep-0000002B: discarding endpoint
14:36:58.510 [main] DEBUG com.github.dockerjava.zerodep.shaded.org.apache.hc.client5.http.impl.io.PoolingHttpClientConnectionManager - ep-0000002B: releasing endpoint
14:36:58.510 [main] DEBUG com.github.dockerjava.zerodep.shaded.org.apache.hc.client5.http.impl.io.PoolingHttpClientConnectionManager - ep-0000002B: connection is not kept alive
14:36:58.510 [main] DEBUG com.github.dockerjava.zerodep.shaded.org.apache.hc.client5.http.impl.io.PoolingHttpClientConnectionManager - ep-0000002B: connection released [route: {}->npipe://localhost:2375][total available: 0; route allocated: 0 of 2147483647; total allocated: 0 of 2147483647]
14:36:58.510 [docker-java-stream--1317987165] DEBUG com.github.dockerjava.zerodep.shaded.org.apache.hc.client5.http.wire - http-outgoing-4 << "end of stream"
14:36:58.512 [main] DEBUG com.github.dockerjava.zerodep.shaded.org.apache.hc.client5.http.wire - http-outgoing-4 << "[read] I/O error: java.nio.channels.ClosedChannelException"
14:36:58.512 [docker-java-stream--1317987165] DEBUG com.github.dockerjava.zerodep.shaded.org.apache.hc.client5.http.wire - http-outgoing-4 << "[read] I/O error: java.nio.channels.ClosedChannelException"
14:36:58.512 [docker-java-stream--1317987165] DEBUG com.github.dockerjava.zerodep.ApacheDockerHttpClientImpl$ApacheResponse - Failed to close the response
java.io.IOException: java.nio.channels.ClosedChannelException
	at java.base/java.nio.channels.Channels$1.read(Channels.java:166)
	at com.github.dockerjava.zerodep.shaded.org.apache.hc.client5.http.impl.io.LoggingInputStream.read(LoggingInputStream.java:81)
	at com.github.dockerjava.zerodep.shaded.org.apache.hc.core5.http.impl.io.SessionInputBufferImpl.fillBuffer(SessionInputBufferImpl.java:149)
	at com.github.dockerjava.zerodep.shaded.org.apache.hc.core5.http.impl.io.SessionInputBufferImpl.readLine(SessionInputBufferImpl.java:280)
	at com.github.dockerjava.zerodep.shaded.org.apache.hc.core5.http.impl.io.ChunkedInputStream.getChunkSize(ChunkedInputStream.java:261)
	at com.github.dockerjava.zerodep.shaded.org.apache.hc.core5.http.impl.io.ChunkedInputStream.nextChunk(ChunkedInputStream.java:222)
	at com.github.dockerjava.zerodep.shaded.org.apache.hc.core5.http.impl.io.ChunkedInputStream.read(ChunkedInputStream.java:147)
	at com.github.dockerjava.zerodep.shaded.org.apache.hc.core5.http.impl.io.ChunkedInputStream.close(ChunkedInputStream.java:314)
	at com.github.dockerjava.zerodep.shaded.org.apache.hc.core5.io.Closer.close(Closer.java:48)
	at com.github.dockerjava.zerodep.shaded.org.apache.hc.core5.http.impl.io.IncomingHttpEntity.close(IncomingHttpEntity.java:111)
	at com.github.dockerjava.zerodep.shaded.org.apache.hc.core5.http.io.entity.HttpEntityWrapper.close(HttpEntityWrapper.java:120)
	at com.github.dockerjava.zerodep.shaded.org.apache.hc.core5.io.Closer.close(Closer.java:48)
	at com.github.dockerjava.zerodep.shaded.org.apache.hc.core5.http.message.BasicClassicHttpResponse.close(BasicClassicHttpResponse.java:93)
	at com.github.dockerjava.zerodep.shaded.org.apache.hc.client5.http.impl.classic.CloseableHttpResponse.close(CloseableHttpResponse.java:200)
	at com.github.dockerjava.zerodep.ApacheDockerHttpClientImpl$ApacheResponse.close(ApacheDockerHttpClientImpl.java:240)
	at org.testcontainers.shaded.com.github.dockerjava.core.DefaultInvocationBuilder.lambda$executeAndStream$1(DefaultInvocationBuilder.java:277)
	at java.base/java.lang.Thread.run(Thread.java:1583)
Caused by: java.nio.channels.ClosedChannelException: null
	at java.base/sun.nio.ch.WindowsAsynchronousFileChannelImpl.implRead(WindowsAsynchronousFileChannelImpl.java:521)
	at java.base/sun.nio.ch.AsynchronousFileChannelImpl.read(AsynchronousFileChannelImpl.java:229)
	at com.github.dockerjava.transport.NamedPipeSocket$AsynchronousFileByteChannel.read(NamedPipeSocket.java:117)
	at java.base/java.nio.channels.Channels$1.read(Channels.java:164)
	... 16 common frames omitted
14:36:58.512 [main] DEBUG com.github.dockerjava.zerodep.ApacheDockerHttpClientImpl$ApacheResponse - Failed to close the response
java.io.IOException: java.nio.channels.ClosedChannelException
	at java.base/java.nio.channels.Channels$1.read(Channels.java:166)
	at com.github.dockerjava.zerodep.shaded.org.apache.hc.client5.http.impl.io.LoggingInputStream.read(LoggingInputStream.java:81)
	at com.github.dockerjava.zerodep.shaded.org.apache.hc.core5.http.impl.io.SessionInputBufferImpl.fillBuffer(SessionInputBufferImpl.java:149)
	at com.github.dockerjava.zerodep.shaded.org.apache.hc.core5.http.impl.io.SessionInputBufferImpl.readLine(SessionInputBufferImpl.java:280)
	at com.github.dockerjava.zerodep.shaded.org.apache.hc.core5.http.impl.io.ChunkedInputStream.getChunkSize(ChunkedInputStream.java:261)
	at com.github.dockerjava.zerodep.shaded.org.apache.hc.core5.http.impl.io.ChunkedInputStream.nextChunk(ChunkedInputStream.java:222)
	at com.github.dockerjava.zerodep.shaded.org.apache.hc.core5.http.impl.io.ChunkedInputStream.read(ChunkedInputStream.java:147)
	at com.github.dockerjava.zerodep.shaded.org.apache.hc.core5.http.impl.io.ChunkedInputStream.close(ChunkedInputStream.java:314)
	at com.github.dockerjava.zerodep.shaded.org.apache.hc.core5.io.Closer.close(Closer.java:48)
	at com.github.dockerjava.zerodep.shaded.org.apache.hc.core5.http.impl.io.IncomingHttpEntity.close(IncomingHttpEntity.java:111)
	at com.github.dockerjava.zerodep.shaded.org.apache.hc.core5.http.io.entity.HttpEntityWrapper.close(HttpEntityWrapper.java:120)
	at com.github.dockerjava.zerodep.shaded.org.apache.hc.core5.io.Closer.close(Closer.java:48)
	at com.github.dockerjava.zerodep.shaded.org.apache.hc.core5.http.message.BasicClassicHttpResponse.close(BasicClassicHttpResponse.java:93)
	at com.github.dockerjava.zerodep.shaded.org.apache.hc.client5.http.impl.classic.CloseableHttpResponse.close(CloseableHttpResponse.java:200)
	at com.github.dockerjava.zerodep.ApacheDockerHttpClientImpl$ApacheResponse.close(ApacheDockerHttpClientImpl.java:240)
	at org.testcontainers.shaded.com.github.dockerjava.core.DefaultInvocationBuilder.lambda$null$0(DefaultInvocationBuilder.java:272)
	at com.github.dockerjava.api.async.ResultCallbackTemplate.close(ResultCallbackTemplate.java:77)
	at org.testcontainers.containers.output.FrameConsumerResultCallback.close(FrameConsumerResultCallback.java:100)
	at org.testcontainers.containers.wait.strategy.LogMessageWaitStrategy.waitUntilReady(LogMessageWaitStrategy.java:51)
	at org.testcontainers.containers.wait.strategy.AbstractWaitStrategy.waitUntilReady(AbstractWaitStrategy.java:35)
	at org.testcontainers.containers.PostgreSQLContainer.waitUntilContainerStarted(PostgreSQLContainer.java:130)
	at org.testcontainers.containers.GenericContainer.tryStart(GenericContainer.java:466)
	at org.testcontainers.containers.GenericContainer.lambda$doStart$0(GenericContainer.java:329)
	at org.rnorth.ducttape.unreliables.Unreliables.retryUntilSuccess(Unreliables.java:81)
	at org.testcontainers.containers.GenericContainer.doStart(GenericContainer.java:327)
	at org.testcontainers.containers.GenericContainer.start(GenericContainer.java:315)
	at org.testcontainers.junit.jupiter.TestcontainersExtension$StoreAdapter.start(TestcontainersExtension.java:242)
	at org.testcontainers.junit.jupiter.TestcontainersExtension$StoreAdapter.access$200(TestcontainersExtension.java:229)
	at org.testcontainers.junit.jupiter.TestcontainersExtension.lambda$null$1(TestcontainersExtension.java:59)
	at org.junit.jupiter.engine.execution.ExtensionValuesStore.lambda$getOrComputeIfAbsent$4(ExtensionValuesStore.java:86)
	at org.junit.jupiter.engine.execution.ExtensionValuesStore$MemoizingSupplier.computeValue(ExtensionValuesStore.java:223)
	at org.junit.jupiter.engine.execution.ExtensionValuesStore$MemoizingSupplier.get(ExtensionValuesStore.java:211)
	at org.junit.jupiter.engine.execution.ExtensionValuesStore$StoredValue.evaluate(ExtensionValuesStore.java:191)
	at org.junit.jupiter.engine.execution.ExtensionValuesStore$StoredValue.access$100(ExtensionValuesStore.java:171)
	at org.junit.jupiter.engine.execution.ExtensionValuesStore.getOrComputeIfAbsent(ExtensionValuesStore.java:89)
	at org.junit.jupiter.engine.execution.NamespaceAwareStore.getOrComputeIfAbsent(NamespaceAwareStore.java:53)
	at org.testcontainers.junit.jupiter.TestcontainersExtension.lambda$beforeAll$2(TestcontainersExtension.java:59)
	at java.base/java.util.ArrayList.forEach(ArrayList.java:1596)
	at org.testcontainers.junit.jupiter.TestcontainersExtension.beforeAll(TestcontainersExtension.java:59)
	at org.junit.jupiter.engine.descriptor.ClassBasedTestDescriptor.lambda$invokeBeforeAllCallbacks$10(ClassBasedTestDescriptor.java:381)
	at org.junit.platform.engine.support.hierarchical.ThrowableCollector.execute(ThrowableCollector.java:73)
	at org.junit.jupiter.engine.descriptor.ClassBasedTestDescriptor.invokeBeforeAllCallbacks(ClassBasedTestDescriptor.java:381)
	at org.junit.jupiter.engine.descriptor.ClassBasedTestDescriptor.before(ClassBasedTestDescriptor.java:205)
	at org.junit.jupiter.engine.descriptor.ClassBasedTestDescriptor.before(ClassBasedTestDescriptor.java:80)
	at org.junit.platform.engine.support.hierarchical.NodeTestTask.lambda$executeRecursively$6(NodeTestTask.java:148)
	at org.junit.platform.engine.support.hierarchical.ThrowableCollector.execute(ThrowableCollector.java:73)
	at org.junit.platform.engine.support.hierarchical.NodeTestTask.lambda$executeRecursively$8(NodeTestTask.java:141)
	at org.junit.platform.engine.support.hierarchical.Node.around(Node.java:137)
	at org.junit.platform.engine.support.hierarchical.NodeTestTask.lambda$executeRecursively$9(NodeTestTask.java:139)
	at org.junit.platform.engine.support.hierarchical.ThrowableCollector.execute(ThrowableCollector.java:73)
	at org.junit.platform.engine.support.hierarchical.NodeTestTask.executeRecursively(NodeTestTask.java:138)
	at org.junit.platform.engine.support.hierarchical.NodeTestTask.execute(NodeTestTask.java:95)
	at java.base/java.util.ArrayList.forEach(ArrayList.java:1596)
	at org.junit.platform.engine.support.hierarchical.SameThreadHierarchicalTestExecutorService.invokeAll(SameThreadHierarchicalTestExecutorService.java:41)
	at org.junit.platform.engine.support.hierarchical.NodeTestTask.lambda$executeRecursively$6(NodeTestTask.java:155)
	at org.junit.platform.engine.support.hierarchical.ThrowableCollector.execute(ThrowableCollector.java:73)
	at org.junit.platform.engine.support.hierarchical.NodeTestTask.lambda$executeRecursively$8(NodeTestTask.java:141)
	at org.junit.platform.engine.support.hierarchical.Node.around(Node.java:137)
	at org.junit.platform.engine.support.hierarchical.NodeTestTask.lambda$executeRecursively$9(NodeTestTask.java:139)
	at org.junit.platform.engine.support.hierarchical.ThrowableCollector.execute(ThrowableCollector.java:73)
	at org.junit.platform.engine.support.hierarchical.NodeTestTask.executeRecursively(NodeTestTask.java:138)
	at org.junit.platform.engine.support.hierarchical.NodeTestTask.execute(NodeTestTask.java:95)
	at org.junit.platform.engine.support.hierarchical.SameThreadHierarchicalTestExecutorService.submit(SameThreadHierarchicalTestExecutorService.java:35)
	at org.junit.platform.engine.support.hierarchical.HierarchicalTestExecutor.execute(HierarchicalTestExecutor.java:57)
	at org.junit.platform.engine.support.hierarchical.HierarchicalTestEngine.execute(HierarchicalTestEngine.java:54)
	at org.junit.platform.launcher.core.EngineExecutionOrchestrator.execute(EngineExecutionOrchestrator.java:107)
	at org.junit.platform.launcher.core.EngineExecutionOrchestrator.execute(EngineExecutionOrchestrator.java:88)
	at org.junit.platform.launcher.core.EngineExecutionOrchestrator.lambda$execute$0(EngineExecutionOrchestrator.java:54)
	at org.junit.platform.launcher.core.EngineExecutionOrchestrator.withInterceptedStreams(EngineExecutionOrchestrator.java:67)
	at org.junit.platform.launcher.core.EngineExecutionOrchestrator.execute(EngineExecutionOrchestrator.java:52)
	at org.junit.platform.launcher.core.DefaultLauncher.execute(DefaultLauncher.java:114)
	at org.junit.platform.launcher.core.DefaultLauncher.execute(DefaultLauncher.java:86)
	at org.junit.platform.launcher.core.DefaultLauncherSession$DelegatingLauncher.execute(DefaultLauncherSession.java:86)
	at org.apache.maven.surefire.junitplatform.LazyLauncher.execute(LazyLauncher.java:56)
	at org.apache.maven.surefire.junitplatform.JUnitPlatformProvider.execute(JUnitPlatformProvider.java:184)
	at org.apache.maven.surefire.junitplatform.JUnitPlatformProvider.invokeAllTests(JUnitPlatformProvider.java:148)
	at org.apache.maven.surefire.junitplatform.JUnitPlatformProvider.invoke(JUnitPlatformProvider.java:122)
	at org.apache.maven.surefire.booter.ForkedBooter.runSuitesInProcess(ForkedBooter.java:385)
	at org.apache.maven.surefire.booter.ForkedBooter.execute(ForkedBooter.java:162)
	at org.apache.maven.surefire.booter.ForkedBooter.run(ForkedBooter.java:507)
	at org.apache.maven.surefire.booter.ForkedBooter.main(ForkedBooter.java:495)
Caused by: java.nio.channels.ClosedChannelException: null
	at java.base/sun.nio.ch.WindowsAsynchronousFileChannelImpl.implRead(WindowsAsynchronousFileChannelImpl.java:521)
	at java.base/sun.nio.ch.AsynchronousFileChannelImpl.read(AsynchronousFileChannelImpl.java:229)
	at com.github.dockerjava.transport.NamedPipeSocket$AsynchronousFileByteChannel.read(NamedPipeSocket.java:117)
	at java.base/java.nio.channels.Channels$1.read(Channels.java:164)
	... 80 common frames omitted
14:36:58.513 [main] INFO 🐳 [postgres:latest] - Container postgres:latest started in PT2.2695925S
]]></system-out>
  </testcase>
  <testcase name="logUserRegistration" classname="org.ylab.homework.utiltest.UserAuditLoggerTest" time="0.013"/>
  <testcase name="logTrainingAdded" classname="org.ylab.homework.utiltest.UserAuditLoggerTest" time="0.009"/>
  <testcase name="logUserLoggedIn" classname="org.ylab.homework.utiltest.UserAuditLoggerTest" time="0.009"/>
  <testcase name="logFailedLoginAttempt" classname="org.ylab.homework.utiltest.UserAuditLoggerTest" time="0.009"/>
  <testcase name="logLogout" classname="org.ylab.homework.utiltest.UserAuditLoggerTest" time="0.008"/>
  <testcase name="logTrainingEdited" classname="org.ylab.homework.utiltest.UserAuditLoggerTest" time="0.007"/>
</testsuite>