<?xml version="1.0" encoding="UTF-8"?>
<testsuite xmlns:xsi="http://www.w3.org/2001/XMLSchema-instance" xsi:noNamespaceSchemaLocation="https://maven.apache.org/surefire/maven-surefire-plugin/xsd/surefire-test-report-3.0.xsd" version="3.0" name="org.ylab.homework.servicetest.TrainingServiceTest" time="0.053" tests="5" errors="0" skipped="0" failures="0">
  <properties>
[...]
</properties>
  <testcase name="testDeleteTraining" classname="org.ylab.homework.servicetest.TrainingServiceTest" time="0.043"/>
  <testcase name="testGetAllTrainings" classname="org.ylab.homework.servicetest.TrainingServiceTest" time="0.001"/>
  <testcase name="testAddTraining" classname="org.ylab.homework.servicetest.TrainingServiceTest" time="0.001"/>
  <testcase name="testEditTraining" classname="org.ylab.homework.servicetest.TrainingServiceTest" time="0.002"/>
  <testcase name="testGetTrainings" classname="org.ylab.homework.servicetest.TrainingServiceTest" time="0.002"/>
</testsuite>